This is pdfTeX, Version 3.14159265-2.6-1.40.15 (TeX Live 2014) (preloaded format=pdflatex 2014.10.22)  13 OCT 2017 13:57
entering extended mode
 \write18 enabled.
 file:line:error style messages enabled.
 %&-line parsing enabled.
**Slides.tex
(./Slides.tex
LaTeX2e <2014/05/01>
Babel <3.9l> and hyphenation patterns for 79 languages loaded.
(/usr/local/texlive/2014/texmf-dist/tex/latex/beamer/beamer.cls
(/usr/local/texlive/2014/texmf-dist/tex/latex/beamer/beamerbasercs.sty
Package: beamerbasercs 2013/12/25 (rcs-revision 31cc758a62ae)
)
Document Class: beamer 2013/12/02 3.33 A class for typesetting presentations (r
cs-revision 332bfd3ce558)
(/usr/local/texlive/2014/texmf-dist/tex/latex/beamer/beamerbasemodes.sty
Package: beamerbasemodes 2013/09/03 (rcs-revision 768f2d98ca64)
\beamer@tempbox=\box26
\beamer@tempcount=\count79
\c@beamerpauses=\count80

(/usr/local/texlive/2014/texmf-dist/tex/latex/beamer/beamerbasedecode.sty
Package: beamerbasedecode 2010/05/01 (rcs-revision efa082c6111d)
\beamer@slideinframe=\count81
\beamer@minimum=\count82
)
\beamer@commentbox=\box27
\beamer@modecount=\count83
)
(/usr/local/texlive/2014/texmf-dist/tex/generic/oberdiek/ifpdf.sty
Package: ifpdf 2011/01/30 v2.3 Provides the ifpdf switch (HO)
Package ifpdf Info: pdfTeX in PDF mode is detected.
)
\headheight=\dimen102
\headdp=\dimen103
\footheight=\dimen104
\sidebarheight=\dimen105
\beamer@tempdim=\dimen106
\beamer@finalheight=\dimen107
\beamer@animht=\dimen108
\beamer@animdp=\dimen109
\beamer@animwd=\dimen110
\beamer@leftmargin=\dimen111
\beamer@rightmargin=\dimen112
\beamer@leftsidebar=\dimen113
\beamer@rightsidebar=\dimen114
\beamer@boxsize=\dimen115
\beamer@vboxoffset=\dimen116
\beamer@descdefault=\dimen117
\beamer@descriptionwidth=\dimen118
\beamer@lastskip=\skip41
\beamer@areabox=\box28
\beamer@animcurrent=\box29
\beamer@animshowbox=\box30
\beamer@sectionbox=\box31
\beamer@logobox=\box32
\beamer@linebox=\box33
\beamer@sectioncount=\count84
\beamer@subsubsectionmax=\count85
\beamer@subsectionmax=\count86
\beamer@sectionmax=\count87
\beamer@totalheads=\count88
\beamer@headcounter=\count89
\beamer@partstartpage=\count90
\beamer@sectionstartpage=\count91
\beamer@subsectionstartpage=\count92
\beamer@animationtempa=\count93
\beamer@animationtempb=\count94
\beamer@xpos=\count95
\beamer@ypos=\count96
\beamer@showpartnumber=\count97
\beamer@currentsubsection=\count98
\beamer@coveringdepth=\count99
\beamer@sectionadjust=\count100
\beamer@tocsectionnumber=\count101

(/usr/local/texlive/2014/texmf-dist/tex/latex/beamer/beamerbaseoptions.sty
Package: beamerbaseoptions 2013/03/10 (rcs-revision 47431932db0d)

(/usr/local/texlive/2014/texmf-dist/tex/latex/graphics/keyval.sty
Package: keyval 2014/05/08 v1.15 key=value parser (DPC)
\KV@toks@=\toks14
))
\beamer@paperwidth=\skip42
\beamer@paperheight=\skip43

(/usr/local/texlive/2014/texmf-dist/tex/latex/geometry/geometry.sty
Package: geometry 2010/09/12 v5.6 Page Geometry

(/usr/local/texlive/2014/texmf-dist/tex/generic/oberdiek/ifvtex.sty
Package: ifvtex 2010/03/01 v1.5 Detect VTeX and its facilities (HO)
Package ifvtex Info: VTeX not detected.
)
(/usr/local/texlive/2014/texmf-dist/tex/generic/ifxetex/ifxetex.sty
Package: ifxetex 2010/09/12 v0.6 Provides ifxetex conditional
)
\Gm@cnth=\count102
\Gm@cntv=\count103
\c@Gm@tempcnt=\count104
\Gm@bindingoffset=\dimen119
\Gm@wd@mp=\dimen120
\Gm@odd@mp=\dimen121
\Gm@even@mp=\dimen122
\Gm@layoutwidth=\dimen123
\Gm@layoutheight=\dimen124
\Gm@layouthoffset=\dimen125
\Gm@layoutvoffset=\dimen126
\Gm@dimlist=\toks15
)
(/usr/local/texlive/2014/texmf-dist/tex/latex/base/size11.clo
File: size11.clo 2007/10/19 v1.4h Standard LaTeX file (size option)
)
(/usr/local/texlive/2014/texmf-dist/tex/latex/pgf/basiclayer/pgfcore.sty
(/usr/local/texlive/2014/texmf-dist/tex/latex/graphics/graphicx.sty
Package: graphicx 2014/04/25 v1.0g Enhanced LaTeX Graphics (DPC,SPQR)

(/usr/local/texlive/2014/texmf-dist/tex/latex/graphics/graphics.sty
Package: graphics 2009/02/05 v1.0o Standard LaTeX Graphics (DPC,SPQR)

(/usr/local/texlive/2014/texmf-dist/tex/latex/graphics/trig.sty
Package: trig 1999/03/16 v1.09 sin cos tan (DPC)
)
(/usr/local/texlive/2014/texmf-dist/tex/latex/latexconfig/graphics.cfg
File: graphics.cfg 2010/04/23 v1.9 graphics configuration of TeX Live
)
Package graphics Info: Driver file: pdftex.def on input line 91.

(/usr/local/texlive/2014/texmf-dist/tex/latex/pdftex-def/pdftex.def
File: pdftex.def 2011/05/27 v0.06d Graphics/color for pdfTeX

(/usr/local/texlive/2014/texmf-dist/tex/generic/oberdiek/infwarerr.sty
Package: infwarerr 2010/04/08 v1.3 Providing info/warning/error messages (HO)
)
(/usr/local/texlive/2014/texmf-dist/tex/generic/oberdiek/ltxcmds.sty
Package: ltxcmds 2011/11/09 v1.22 LaTeX kernel commands for general use (HO)
)
\Gread@gobject=\count105
))
\Gin@req@height=\dimen127
\Gin@req@width=\dimen128
)
(/usr/local/texlive/2014/texmf-dist/tex/latex/pgf/systemlayer/pgfsys.sty
(/usr/local/texlive/2014/texmf-dist/tex/latex/pgf/utilities/pgfrcs.sty
(/usr/local/texlive/2014/texmf-dist/tex/generic/pgf/utilities/pgfutil-common.te
x
\pgfutil@everybye=\toks16
\pgfutil@tempdima=\dimen129
\pgfutil@tempdimb=\dimen130

(/usr/local/texlive/2014/texmf-dist/tex/generic/pgf/utilities/pgfutil-common-li
sts.tex))
(/usr/local/texlive/2014/texmf-dist/tex/generic/pgf/utilities/pgfutil-latex.def
\pgfutil@abb=\box34
(/usr/local/texlive/2014/texmf-dist/tex/latex/ms/everyshi.sty
Package: everyshi 2001/05/15 v3.00 EveryShipout Package (MS)
))
(/usr/local/texlive/2014/texmf-dist/tex/generic/pgf/utilities/pgfrcs.code.tex
Package: pgfrcs 2013/12/20 v3.0.0 (rcs-revision 1.28)
))
(/usr/local/texlive/2014/texmf-dist/tex/generic/pgf/systemlayer/pgfsys.code.tex
Package: pgfsys 2013/11/30 v3.0.0 (rcs-revision 1.47)
(/usr/local/texlive/2014/texmf-dist/tex/generic/pgf/utilities/pgfkeys.code.tex
\pgfkeys@pathtoks=\toks17
\pgfkeys@temptoks=\toks18

(/usr/local/texlive/2014/texmf-dist/tex/generic/pgf/utilities/pgfkeysfiltered.c
ode.tex
\pgfkeys@tmptoks=\toks19
))
\pgf@x=\dimen131
\pgf@y=\dimen132
\pgf@xa=\dimen133
\pgf@ya=\dimen134
\pgf@xb=\dimen135
\pgf@yb=\dimen136
\pgf@xc=\dimen137
\pgf@yc=\dimen138
\w@pgf@writea=\write3
\r@pgf@reada=\read1
\c@pgf@counta=\count106
\c@pgf@countb=\count107
\c@pgf@countc=\count108
\c@pgf@countd=\count109
\t@pgf@toka=\toks20
\t@pgf@tokb=\toks21
\t@pgf@tokc=\toks22

(/usr/local/texlive/2014/texmf-dist/tex/generic/pgf/systemlayer/pgf.cfg
File: pgf.cfg 2008/05/14  (rcs-revision 1.7)
)
Driver file for pgf: pgfsys-pdftex.def

(/usr/local/texlive/2014/texmf-dist/tex/generic/pgf/systemlayer/pgfsys-pdftex.d
ef
File: pgfsys-pdftex.def 2013/07/18  (rcs-revision 1.33)

(/usr/local/texlive/2014/texmf-dist/tex/generic/pgf/systemlayer/pgfsys-common-p
df.def
File: pgfsys-common-pdf.def 2013/10/10  (rcs-revision 1.13)
)))
(/usr/local/texlive/2014/texmf-dist/tex/generic/pgf/systemlayer/pgfsyssoftpath.
code.tex
File: pgfsyssoftpath.code.tex 2013/09/09  (rcs-revision 1.9)
\pgfsyssoftpath@smallbuffer@items=\count110
\pgfsyssoftpath@bigbuffer@items=\count111
)
(/usr/local/texlive/2014/texmf-dist/tex/generic/pgf/systemlayer/pgfsysprotocol.
code.tex
File: pgfsysprotocol.code.tex 2006/10/16  (rcs-revision 1.4)
)) (/usr/local/texlive/2014/texmf-dist/tex/latex/xcolor/xcolor.sty
Package: xcolor 2007/01/21 v2.11 LaTeX color extensions (UK)

(/usr/local/texlive/2014/texmf-dist/tex/latex/latexconfig/color.cfg
File: color.cfg 2007/01/18 v1.5 color configuration of teTeX/TeXLive
)
Package xcolor Info: Driver file: pdftex.def on input line 225.
Package xcolor Info: Model `cmy' substituted by `cmy0' on input line 1337.
Package xcolor Info: Model `hsb' substituted by `rgb' on input line 1341.
Package xcolor Info: Model `RGB' extended on input line 1353.
Package xcolor Info: Model `HTML' substituted by `rgb' on input line 1355.
Package xcolor Info: Model `Hsb' substituted by `hsb' on input line 1356.
Package xcolor Info: Model `tHsb' substituted by `hsb' on input line 1357.
Package xcolor Info: Model `HSB' substituted by `hsb' on input line 1358.
Package xcolor Info: Model `Gray' substituted by `gray' on input line 1359.
Package xcolor Info: Model `wave' substituted by `hsb' on input line 1360.
)
(/usr/local/texlive/2014/texmf-dist/tex/generic/pgf/basiclayer/pgfcore.code.tex
Package: pgfcore 2010/04/11 v3.0.0 (rcs-revision 1.7)
(/usr/local/texlive/2014/texmf-dist/tex/generic/pgf/math/pgfmath.code.tex
(/usr/local/texlive/2014/texmf-dist/tex/generic/pgf/math/pgfmathcalc.code.tex
(/usr/local/texlive/2014/texmf-dist/tex/generic/pgf/math/pgfmathutil.code.tex)
(/usr/local/texlive/2014/texmf-dist/tex/generic/pgf/math/pgfmathparser.code.tex
\pgfmath@dimen=\dimen139
\pgfmath@count=\count112
\pgfmath@box=\box35
\pgfmath@toks=\toks23
\pgfmath@stack@operand=\toks24
\pgfmath@stack@operation=\toks25
)
(/usr/local/texlive/2014/texmf-dist/tex/generic/pgf/math/pgfmathfunctions.code.
tex
(/usr/local/texlive/2014/texmf-dist/tex/generic/pgf/math/pgfmathfunctions.basic
.code.tex)
(/usr/local/texlive/2014/texmf-dist/tex/generic/pgf/math/pgfmathfunctions.trigo
nometric.code.tex)
(/usr/local/texlive/2014/texmf-dist/tex/generic/pgf/math/pgfmathfunctions.rando
m.code.tex)
(/usr/local/texlive/2014/texmf-dist/tex/generic/pgf/math/pgfmathfunctions.compa
rison.code.tex)
(/usr/local/texlive/2014/texmf-dist/tex/generic/pgf/math/pgfmathfunctions.base.
code.tex)
(/usr/local/texlive/2014/texmf-dist/tex/generic/pgf/math/pgfmathfunctions.round
.code.tex)
(/usr/local/texlive/2014/texmf-dist/tex/generic/pgf/math/pgfmathfunctions.misc.
code.tex)
(/usr/local/texlive/2014/texmf-dist/tex/generic/pgf/math/pgfmathfunctions.integ
erarithmetics.code.tex)))
(/usr/local/texlive/2014/texmf-dist/tex/generic/pgf/math/pgfmathfloat.code.tex
\c@pgfmathroundto@lastzeros=\count113
))
(/usr/local/texlive/2014/texmf-dist/tex/generic/pgf/basiclayer/pgfcorepoints.co
de.tex
File: pgfcorepoints.code.tex 2013/10/07  (rcs-revision 1.27)
\pgf@picminx=\dimen140
\pgf@picmaxx=\dimen141
\pgf@picminy=\dimen142
\pgf@picmaxy=\dimen143
\pgf@pathminx=\dimen144
\pgf@pathmaxx=\dimen145
\pgf@pathminy=\dimen146
\pgf@pathmaxy=\dimen147
\pgf@xx=\dimen148
\pgf@xy=\dimen149
\pgf@yx=\dimen150
\pgf@yy=\dimen151
\pgf@zx=\dimen152
\pgf@zy=\dimen153
)
(/usr/local/texlive/2014/texmf-dist/tex/generic/pgf/basiclayer/pgfcorepathconst
ruct.code.tex
File: pgfcorepathconstruct.code.tex 2013/10/07  (rcs-revision 1.29)
\pgf@path@lastx=\dimen154
\pgf@path@lasty=\dimen155
)
(/usr/local/texlive/2014/texmf-dist/tex/generic/pgf/basiclayer/pgfcorepathusage
.code.tex
File: pgfcorepathusage.code.tex 2013/12/13  (rcs-revision 1.23)
\pgf@shorten@end@additional=\dimen156
\pgf@shorten@start@additional=\dimen157
)
(/usr/local/texlive/2014/texmf-dist/tex/generic/pgf/basiclayer/pgfcorescopes.co
de.tex
File: pgfcorescopes.code.tex 2013/10/09  (rcs-revision 1.44)
\pgfpic=\box36
\pgf@hbox=\box37
\pgf@layerbox@main=\box38
\pgf@picture@serial@count=\count114
)
(/usr/local/texlive/2014/texmf-dist/tex/generic/pgf/basiclayer/pgfcoregraphicst
ate.code.tex
File: pgfcoregraphicstate.code.tex 2013/09/19  (rcs-revision 1.11)
\pgflinewidth=\dimen158
)
(/usr/local/texlive/2014/texmf-dist/tex/generic/pgf/basiclayer/pgfcoretransform
ations.code.tex
File: pgfcoretransformations.code.tex 2013/10/10  (rcs-revision 1.17)
\pgf@pt@x=\dimen159
\pgf@pt@y=\dimen160
\pgf@pt@temp=\dimen161
)
(/usr/local/texlive/2014/texmf-dist/tex/generic/pgf/basiclayer/pgfcorequick.cod
e.tex
File: pgfcorequick.code.tex 2008/10/09  (rcs-revision 1.3)
)
(/usr/local/texlive/2014/texmf-dist/tex/generic/pgf/basiclayer/pgfcoreobjects.c
ode.tex
File: pgfcoreobjects.code.tex 2006/10/11  (rcs-revision 1.2)
)
(/usr/local/texlive/2014/texmf-dist/tex/generic/pgf/basiclayer/pgfcorepathproce
ssing.code.tex
File: pgfcorepathprocessing.code.tex 2013/09/09  (rcs-revision 1.9)
)
(/usr/local/texlive/2014/texmf-dist/tex/generic/pgf/basiclayer/pgfcorearrows.co
de.tex
File: pgfcorearrows.code.tex 2013/11/07  (rcs-revision 1.40)
\pgfarrowsep=\dimen162
)
(/usr/local/texlive/2014/texmf-dist/tex/generic/pgf/basiclayer/pgfcoreshade.cod
e.tex
File: pgfcoreshade.code.tex 2013/07/15  (rcs-revision 1.15)
\pgf@max=\dimen163
\pgf@sys@shading@range@num=\count115
)
(/usr/local/texlive/2014/texmf-dist/tex/generic/pgf/basiclayer/pgfcoreimage.cod
e.tex
File: pgfcoreimage.code.tex 2013/07/15  (rcs-revision 1.18)

(/usr/local/texlive/2014/texmf-dist/tex/generic/pgf/basiclayer/pgfcoreexternal.
code.tex
File: pgfcoreexternal.code.tex 2013/07/15  (rcs-revision 1.20)
\pgfexternal@startupbox=\box39
))
(/usr/local/texlive/2014/texmf-dist/tex/generic/pgf/basiclayer/pgfcorelayers.co
de.tex
File: pgfcorelayers.code.tex 2013/07/18  (rcs-revision 1.7)
)
(/usr/local/texlive/2014/texmf-dist/tex/generic/pgf/basiclayer/pgfcoretranspare
ncy.code.tex
File: pgfcoretransparency.code.tex 2013/09/30  (rcs-revision 1.5)
)
(/usr/local/texlive/2014/texmf-dist/tex/generic/pgf/basiclayer/pgfcorepatterns.
code.tex
File: pgfcorepatterns.code.tex 2013/11/07  (rcs-revision 1.5)
)))
(/usr/local/texlive/2014/texmf-dist/tex/latex/pgf/utilities/xxcolor.sty
Package: xxcolor 2003/10/24 ver 0.1
\XC@nummixins=\count116
\XC@countmixins=\count117
)
(/usr/local/texlive/2014/texmf-dist/tex/generic/oberdiek/atbegshi.sty
Package: atbegshi 2011/10/05 v1.16 At begin shipout hook (HO)
)
(/usr/local/texlive/2014/texmf-dist/tex/latex/hyperref/hyperref.sty
Package: hyperref 2012/11/06 v6.83m Hypertext links for LaTeX

(/usr/local/texlive/2014/texmf-dist/tex/generic/oberdiek/hobsub-hyperref.sty
Package: hobsub-hyperref 2012/05/28 v1.13 Bundle oberdiek, subset hyperref (HO)


(/usr/local/texlive/2014/texmf-dist/tex/generic/oberdiek/hobsub-generic.sty
Package: hobsub-generic 2012/05/28 v1.13 Bundle oberdiek, subset generic (HO)
Package: hobsub 2012/05/28 v1.13 Construct package bundles (HO)
Package hobsub Info: Skipping package `infwarerr' (already loaded).
Package hobsub Info: Skipping package `ltxcmds' (already loaded).
Package: ifluatex 2010/03/01 v1.3 Provides the ifluatex switch (HO)
Package ifluatex Info: LuaTeX not detected.
Package hobsub Info: Skipping package `ifvtex' (already loaded).
Package: intcalc 2007/09/27 v1.1 Expandable calculations with integers (HO)
Package hobsub Info: Skipping package `ifpdf' (already loaded).
Package: etexcmds 2011/02/16 v1.5 Avoid name clashes with e-TeX commands (HO)
Package etexcmds Info: Could not find \expanded.
(etexcmds)             That can mean that you are not using pdfTeX 1.50 or
(etexcmds)             that some package has redefined \expanded.
(etexcmds)             In the latter case, load this package earlier.
Package: kvsetkeys 2012/04/25 v1.16 Key value parser (HO)
Package: kvdefinekeys 2011/04/07 v1.3 Define keys (HO)
Package: pdftexcmds 2011/11/29 v0.20 Utility functions of pdfTeX for LuaTeX (HO
)
Package pdftexcmds Info: LuaTeX not detected.
Package pdftexcmds Info: \pdf@primitive is available.
Package pdftexcmds Info: \pdf@ifprimitive is available.
Package pdftexcmds Info: \pdfdraftmode found.
Package: pdfescape 2011/11/25 v1.13 Implements pdfTeX's escape features (HO)
Package: bigintcalc 2012/04/08 v1.3 Expandable calculations on big integers (HO
)
Package: bitset 2011/01/30 v1.1 Handle bit-vector datatype (HO)
Package: uniquecounter 2011/01/30 v1.2 Provide unlimited unique counter (HO)
)
Package hobsub Info: Skipping package `hobsub' (already loaded).
Package: letltxmacro 2010/09/02 v1.4 Let assignment for LaTeX macros (HO)
Package: hopatch 2012/05/28 v1.2 Wrapper for package hooks (HO)
Package: xcolor-patch 2011/01/30 xcolor patch
Package: atveryend 2011/06/30 v1.8 Hooks at the very end of document (HO)
Package atveryend Info: \enddocument detected (standard20110627).
Package hobsub Info: Skipping package `atbegshi' (already loaded).
Package: refcount 2011/10/16 v3.4 Data extraction from label references (HO)
Package: hycolor 2011/01/30 v1.7 Color options for hyperref/bookmark (HO)
)
(/usr/local/texlive/2014/texmf-dist/tex/latex/oberdiek/auxhook.sty
Package: auxhook 2011/03/04 v1.3 Hooks for auxiliary files (HO)
)
(/usr/local/texlive/2014/texmf-dist/tex/latex/oberdiek/kvoptions.sty
Package: kvoptions 2011/06/30 v3.11 Key value format for package options (HO)
)
\@linkdim=\dimen164
\Hy@linkcounter=\count118
\Hy@pagecounter=\count119

(/usr/local/texlive/2014/texmf-dist/tex/latex/hyperref/pd1enc.def
File: pd1enc.def 2012/11/06 v6.83m Hyperref: PDFDocEncoding definition (HO)
)
\Hy@SavedSpaceFactor=\count120

(/usr/local/texlive/2014/texmf-dist/tex/latex/latexconfig/hyperref.cfg
File: hyperref.cfg 2002/06/06 v1.2 hyperref configuration of TeXLive
)
Package hyperref Info: Option `bookmarks' set `true' on input line 4319.
Package hyperref Info: Option `bookmarksopen' set `true' on input line 4319.
Package hyperref Info: Option `implicit' set `false' on input line 4319.
Package hyperref Info: Hyper figures OFF on input line 4443.
Package hyperref Info: Link nesting OFF on input line 4448.
Package hyperref Info: Hyper index ON on input line 4451.
Package hyperref Info: Plain pages OFF on input line 4458.
Package hyperref Info: Backreferencing OFF on input line 4463.
Package hyperref Info: Implicit mode OFF; no redefinition of LaTeX internals.
Package hyperref Info: Bookmarks ON on input line 4688.
\c@Hy@tempcnt=\count121

(/usr/local/texlive/2014/texmf-dist/tex/latex/url/url.sty
\Urlmuskip=\muskip10
Package: url 2013/09/16  ver 3.4  Verb mode for urls, etc.
)
LaTeX Info: Redefining \url on input line 5041.
\XeTeXLinkMargin=\dimen165
\Fld@menulength=\count122
\Field@Width=\dimen166
\Fld@charsize=\dimen167
Package hyperref Info: Hyper figures OFF on input line 6295.
Package hyperref Info: Link nesting OFF on input line 6300.
Package hyperref Info: Hyper index ON on input line 6303.
Package hyperref Info: backreferencing OFF on input line 6310.
Package hyperref Info: Link coloring OFF on input line 6315.
Package hyperref Info: Link coloring with OCG OFF on input line 6320.
Package hyperref Info: PDF/A mode OFF on input line 6325.
LaTeX Info: Redefining \ref on input line 6365.
LaTeX Info: Redefining \pageref on input line 6369.
\Hy@abspage=\count123


Package hyperref Message: Stopped early.

)

Package hyperref Message: Driver (autodetected): hpdftex.

(/usr/local/texlive/2014/texmf-dist/tex/latex/hyperref/hpdftex.def
File: hpdftex.def 2012/11/06 v6.83m Hyperref driver for pdfTeX
\Fld@listcount=\count124
\c@bookmark@seq@number=\count125

(/usr/local/texlive/2014/texmf-dist/tex/latex/oberdiek/rerunfilecheck.sty
Package: rerunfilecheck 2011/04/15 v1.7 Rerun checks for auxiliary files (HO)
Package uniquecounter Info: New unique counter `rerunfilecheck' on input line 2
82.
))
(/usr/local/texlive/2014/texmf-dist/tex/latex/beamer/beamerbaserequires.sty
Package: beamerbaserequires 2010/05/01  (rcs-revision efa082c6111d)

(/usr/local/texlive/2014/texmf-dist/tex/latex/beamer/beamerbasecompatibility.st
y
Package: beamerbasecompatibility 2012/05/01  (rcs-revision 67c48b3b652d)
) (/usr/local/texlive/2014/texmf-dist/tex/latex/beamer/beamerbasefont.sty
Package: beamerbasefont 2013/10/18  (rcs-revision 72f39e01808a)

(/usr/local/texlive/2014/texmf-dist/tex/latex/amsfonts/amssymb.sty
Package: amssymb 2013/01/14 v3.01 AMS font symbols

(/usr/local/texlive/2014/texmf-dist/tex/latex/amsfonts/amsfonts.sty
Package: amsfonts 2013/01/14 v3.01 Basic AMSFonts support
\@emptytoks=\toks26
\symAMSa=\mathgroup4
\symAMSb=\mathgroup5
LaTeX Font Info:    Overwriting math alphabet `\mathfrak' in version `bold'
(Font)                  U/euf/m/n --> U/euf/b/n on input line 106.
))
(/usr/local/texlive/2014/texmf-dist/tex/latex/sansmathaccent/sansmathaccent.sty
Package: sansmathaccent 2013/03/28
(/usr/local/texlive/2014/texmf-dist/tex/latex/filehook/filehook.sty
Package: filehook 2011/10/12 v0.5d Hooks for input files
)))
(/usr/local/texlive/2014/texmf-dist/tex/latex/beamer/beamerbasetranslator.sty
Package: beamerbasetranslator 2010/06/11  (rcs-revision 85fd1cc7fc42)

(/usr/local/texlive/2014/texmf-dist/tex/latex/beamer/translator/translator.sty
Package: translator 2010/06/12 ver 1.10

(/usr/local/texlive/2014/texmf-dist/tex/latex/beamer/translator/translator-lang
uage-mappings.tex)))
(/usr/local/texlive/2014/texmf-dist/tex/latex/beamer/beamerbasemisc.sty
Package: beamerbasemisc 2013/09/03  (rcs-revision a55719c41d85)
)
(/usr/local/texlive/2014/texmf-dist/tex/latex/beamer/beamerbasetwoscreens.sty
Package: beamerbasetwoscreens 2010/05/01  (rcs-revision efa082c6111d)
)
(/usr/local/texlive/2014/texmf-dist/tex/latex/beamer/beamerbaseoverlay.sty
Package: beamerbaseoverlay 2013/12/25  (rcs-revision f6bd5e3805da)
\beamer@argscount=\count126
\beamer@lastskipcover=\skip44
\beamer@trivlistdepth=\count127
)
(/usr/local/texlive/2014/texmf-dist/tex/latex/beamer/beamerbasetitle.sty
Package: beamerbasetitle 2010/09/21  (rcs-revision f0446ed0b6ae)
)
(/usr/local/texlive/2014/texmf-dist/tex/latex/beamer/beamerbasesection.sty
Package: beamerbasesection 2013/06/07  (rcs-revision 60b9fe0f342f)
\c@lecture=\count128
\c@part=\count129
\c@section=\count130
\c@subsection=\count131
\c@subsubsection=\count132
)
(/usr/local/texlive/2014/texmf-dist/tex/latex/beamer/beamerbaseframe.sty
Package: beamerbaseframe 2013/10/02  (rcs-revision cdc8e9a3aaac)
\beamer@framebox=\box40
\beamer@frametitlebox=\box41
\beamer@zoombox=\box42
\beamer@zoomcount=\count133
\beamer@zoomframecount=\count134
\beamer@frametextheight=\dimen168
\c@subsectionslide=\count135
\beamer@frametopskip=\skip45
\beamer@framebottomskip=\skip46
\beamer@frametopskipautobreak=\skip47
\beamer@framebottomskipautobreak=\skip48
\beamer@envbody=\toks27
\framewidth=\dimen169
\c@framenumber=\count136
)
(/usr/local/texlive/2014/texmf-dist/tex/latex/beamer/beamerbaseverbatim.sty
Package: beamerbaseverbatim 2012/08/30  (rcs-revision dfdb135076b3)
\beamer@verbatimfileout=\write4
)
(/usr/local/texlive/2014/texmf-dist/tex/latex/beamer/beamerbaseframesize.sty
Package: beamerbaseframesize 2011/09/12  (rcs-revision 70f9d8411e54)
\beamer@splitbox=\box43
\beamer@autobreakcount=\count137
\beamer@autobreaklastheight=\dimen170
\beamer@frametitletoks=\toks28
\beamer@framesubtitletoks=\toks29
)
(/usr/local/texlive/2014/texmf-dist/tex/latex/beamer/beamerbaseframecomponents.
sty
Package: beamerbaseframecomponents 2013/10/18  (rcs-revision 5cf6c5555a45)
\beamer@footins=\box44
) (/usr/local/texlive/2014/texmf-dist/tex/latex/beamer/beamerbasecolor.sty
Package: beamerbasecolor 2010/06/06  (rcs-revision d1a9b48be06d)
)
(/usr/local/texlive/2014/texmf-dist/tex/latex/beamer/beamerbasenotes.sty
Package: beamerbasenotes 2012/12/19  (rcs-revision 1686da3db3c9)
\beamer@frameboxcopy=\box45
)
(/usr/local/texlive/2014/texmf-dist/tex/latex/beamer/beamerbasetoc.sty
Package: beamerbasetoc 2013/05/23  (rcs-revision 0fdf5bc43be8)
)
(/usr/local/texlive/2014/texmf-dist/tex/latex/beamer/beamerbasetemplates.sty
Package: beamerbasetemplates 2010/05/01  (rcs-revision efa082c6111d)
\beamer@sbttoks=\toks30

(/usr/local/texlive/2014/texmf-dist/tex/latex/beamer/beamerbaseauxtemplates.sty
Package: beamerbaseauxtemplates 2013/09/04  (rcs-revision 4ac715c499d0)
(/usr/local/texlive/2014/texmf-dist/tex/latex/beamer/beamerbaseboxes.sty
Package: beamerbaseboxes 2012/05/13  (rcs-revision 56972908a390)
\bmb@box=\box46
\bmb@colorbox=\box47
\bmb@boxshadow=\box48
\bmb@boxshadowball=\box49
\bmb@boxshadowballlarge=\box50
\bmb@temp=\dimen171
\bmb@dima=\dimen172
\bmb@dimb=\dimen173
\bmb@prevheight=\dimen174
)
\beamer@blockheadheight=\dimen175
))
(/usr/local/texlive/2014/texmf-dist/tex/latex/beamer/beamerbaselocalstructure.s
ty
Package: beamerbaselocalstructure 2013/09/04  (rcs-revision 4ac715c499d0)
 (/usr/local/texlive/2014/texmf-dist/tex/latex/tools/enumerate.sty
Package: enumerate 1999/03/05 v3.00 enumerate extensions (DPC)
\@enLab=\toks31
)
\c@figure=\count138
\c@table=\count139
\abovecaptionskip=\skip49
\belowcaptionskip=\skip50
)
(/usr/local/texlive/2014/texmf-dist/tex/latex/beamer/beamerbasenavigation.sty
Package: beamerbasenavigation 2013/10/05  (rcs-revision 62be157fe783)
\beamer@section@min@dim=\dimen176
)
(/usr/local/texlive/2014/texmf-dist/tex/latex/beamer/beamerbasetheorems.sty
Package: beamerbasetheorems 2010/06/06  (rcs-revision 7e7cc5e53e9d)

(/usr/local/texlive/2014/texmf-dist/tex/latex/amsmath/amsmath.sty
Package: amsmath 2013/01/14 v2.14 AMS math features
\@mathmargin=\skip51

For additional information on amsmath, use the `?' option.
(/usr/local/texlive/2014/texmf-dist/tex/latex/amsmath/amstext.sty
Package: amstext 2000/06/29 v2.01

(/usr/local/texlive/2014/texmf-dist/tex/latex/amsmath/amsgen.sty
File: amsgen.sty 1999/11/30 v2.0
\@emptytoks=\toks32
\ex@=\dimen177
))
(/usr/local/texlive/2014/texmf-dist/tex/latex/amsmath/amsbsy.sty
Package: amsbsy 1999/11/29 v1.2d
\pmbraise@=\dimen178
)
(/usr/local/texlive/2014/texmf-dist/tex/latex/amsmath/amsopn.sty
Package: amsopn 1999/12/14 v2.01 operator names
)
\inf@bad=\count140
LaTeX Info: Redefining \frac on input line 210.
\uproot@=\count141
\leftroot@=\count142
LaTeX Info: Redefining \overline on input line 306.
\classnum@=\count143
\DOTSCASE@=\count144
LaTeX Info: Redefining \ldots on input line 378.
LaTeX Info: Redefining \dots on input line 381.
LaTeX Info: Redefining \cdots on input line 466.
\Mathstrutbox@=\box51
\strutbox@=\box52
\big@size=\dimen179
LaTeX Font Info:    Redeclaring font encoding OML on input line 566.
LaTeX Font Info:    Redeclaring font encoding OMS on input line 567.
\macc@depth=\count145
\c@MaxMatrixCols=\count146
\dotsspace@=\muskip11
\c@parentequation=\count147
\dspbrk@lvl=\count148
\tag@help=\toks33
\row@=\count149
\column@=\count150
\maxfields@=\count151
\andhelp@=\toks34
\eqnshift@=\dimen180
\alignsep@=\dimen181
\tagshift@=\dimen182
\tagwidth@=\dimen183
\totwidth@=\dimen184
\lineht@=\dimen185
\@envbody=\toks35
\multlinegap=\skip52
\multlinetaggap=\skip53
\mathdisplay@stack=\toks36
LaTeX Info: Redefining \[ on input line 2665.
LaTeX Info: Redefining \] on input line 2666.
)
(/usr/local/texlive/2014/texmf-dist/tex/latex/amscls/amsthm.sty
Package: amsthm 2009/07/02 v2.20.1
\thm@style=\toks37
\thm@bodyfont=\toks38
\thm@headfont=\toks39
\thm@notefont=\toks40
\thm@headpunct=\toks41
\thm@preskip=\skip54
\thm@postskip=\skip55
\thm@headsep=\skip56
\dth@everypar=\toks42
)
\c@theorem=\count152
)
(/usr/local/texlive/2014/texmf-dist/tex/latex/beamer/beamerbasethemes.sty
Package: beamerbasethemes 2010/05/01  (rcs-revision efa082c6111d)
))
(/usr/local/texlive/2014/texmf-dist/tex/latex/beamer/themes/theme/beamerthemede
fault.sty
Package: beamerthemedefault 2010/06/17  (rcs-revision d02a7cf4d8ae)

(/usr/local/texlive/2014/texmf-dist/tex/latex/beamer/themes/font/beamerfontthem
edefault.sty
Package: beamerfontthemedefault 2012/12/19  (rcs-revision 1686da3db3c9)
)
(/usr/local/texlive/2014/texmf-dist/tex/latex/beamer/themes/color/beamercolorth
emedefault.sty
Package: beamercolorthemedefault 2012/12/19  (rcs-revision 1686da3db3c9)
)
(/usr/local/texlive/2014/texmf-dist/tex/latex/beamer/themes/inner/beamerinnerth
emedefault.sty
Package: beamerinnerthemedefault 2013/10/15  (rcs-revision 65cb471f9634)
\beamer@dima=\dimen186
\beamer@dimb=\dimen187
)
(/usr/local/texlive/2014/texmf-dist/tex/latex/beamer/themes/outer/beamerouterth
emedefault.sty
Package: beamerouterthemedefault 2012/12/19  (rcs-revision 1686da3db3c9)
)))
(/usr/local/texlive/2014/texmf-dist/tex/latex/base/inputenc.sty
Package: inputenc 2014/04/30 v1.2b Input encoding file
\inpenc@prehook=\toks43
\inpenc@posthook=\toks44

(/usr/local/texlive/2014/texmf-dist/tex/latex/base/latin9.def
File: latin9.def 2014/04/30 v1.2b Input encoding file
))
(/usr/local/texlive/2014/texmf-dist/tex/latex/colortbl/colortbl.sty
Package: colortbl 2012/02/13 v1.0a Color table columns (DPC)

(/usr/local/texlive/2014/texmf-dist/tex/latex/tools/array.sty
Package: array 2008/09/09 v2.4c Tabular extension package (FMi)
\col@sep=\dimen188
\extrarowheight=\dimen189
\NC@list=\toks45
\extratabsurround=\skip57
\backup@length=\skip58
)
\everycr=\toks46
\minrowclearance=\skip59
)
(/usr/local/texlive/2014/texmf-dist/tex/latex/beamer/multimedia/xmpmulti.sty
\@mpm@count=\count153
)
(/usr/local/texlive/2014/texmf-dist/tex/latex/base/fontenc.sty
Package: fontenc 2005/09/27 v1.99g Standard LaTeX package

(/usr/local/texlive/2014/texmf-dist/tex/latex/base/t1enc.def
File: t1enc.def 2005/09/27 v1.99g Standard LaTeX file
LaTeX Font Info:    Redeclaring font encoding T1 on input line 43.
))
(/usr/local/texlive/2014/texmf-dist/tex/latex/pgf/frontendlayer/tikz.sty
(/usr/local/texlive/2014/texmf-dist/tex/latex/pgf/basiclayer/pgf.sty
Package: pgf 2013/12/18 v3.0.0 (rcs-revision 1.14)

(/usr/local/texlive/2014/texmf-dist/tex/generic/pgf/modules/pgfmoduleshapes.cod
e.tex
File: pgfmoduleshapes.code.tex 2013/10/31  (rcs-revision 1.34)
\pgfnodeparttextbox=\box53
)
(/usr/local/texlive/2014/texmf-dist/tex/generic/pgf/modules/pgfmoduleplot.code.
tex
File: pgfmoduleplot.code.tex 2013/07/31  (rcs-revision 1.12)
)
(/usr/local/texlive/2014/texmf-dist/tex/latex/pgf/compatibility/pgfcomp-version
-0-65.sty
Package: pgfcomp-version-0-65 2007/07/03 v3.0.0 (rcs-revision 1.7)
\pgf@nodesepstart=\dimen190
\pgf@nodesepend=\dimen191
)
(/usr/local/texlive/2014/texmf-dist/tex/latex/pgf/compatibility/pgfcomp-version
-1-18.sty
Package: pgfcomp-version-1-18 2007/07/23 v3.0.0 (rcs-revision 1.1)
))
(/usr/local/texlive/2014/texmf-dist/tex/latex/pgf/utilities/pgffor.sty
(/usr/local/texlive/2014/texmf-dist/tex/latex/pgf/utilities/pgfkeys.sty
(/usr/local/texlive/2014/texmf-dist/tex/generic/pgf/utilities/pgfkeys.code.tex)
) (/usr/local/texlive/2014/texmf-dist/tex/latex/pgf/math/pgfmath.sty
(/usr/local/texlive/2014/texmf-dist/tex/generic/pgf/math/pgfmath.code.tex))
(/usr/local/texlive/2014/texmf-dist/tex/generic/pgf/utilities/pgffor.code.tex
Package: pgffor 2013/12/13 v3.0.0 (rcs-revision 1.25)

(/usr/local/texlive/2014/texmf-dist/tex/generic/pgf/math/pgfmath.code.tex)
\pgffor@iter=\dimen192
\pgffor@skip=\dimen193
\pgffor@stack=\toks47
\pgffor@toks=\toks48
))
(/usr/local/texlive/2014/texmf-dist/tex/generic/pgf/frontendlayer/tikz/tikz.cod
e.tex
Package: tikz 2013/12/13 v3.0.0 (rcs-revision 1.142)

(/usr/local/texlive/2014/texmf-dist/tex/generic/pgf/libraries/pgflibraryplothan
dlers.code.tex
File: pgflibraryplothandlers.code.tex 2013/08/31 v3.0.0 (rcs-revision 1.20)
\pgf@plot@mark@count=\count154
\pgfplotmarksize=\dimen194
)
\tikz@lastx=\dimen195
\tikz@lasty=\dimen196
\tikz@lastxsaved=\dimen197
\tikz@lastysaved=\dimen198
\tikzleveldistance=\dimen199
\tikzsiblingdistance=\dimen200
\tikz@figbox=\box54
\tikz@figbox@bg=\box55
\tikz@tempbox=\box56
\tikz@tempbox@bg=\box57
\tikztreelevel=\count155
\tikznumberofchildren=\count156
\tikznumberofcurrentchild=\count157
\tikz@fig@count=\count158

(/usr/local/texlive/2014/texmf-dist/tex/generic/pgf/modules/pgfmodulematrix.cod
e.tex
File: pgfmodulematrix.code.tex 2013/09/17  (rcs-revision 1.8)
\pgfmatrixcurrentrow=\count159
\pgfmatrixcurrentcolumn=\count160
\pgf@matrix@numberofcolumns=\count161
)
\tikz@expandcount=\count162

(/usr/local/texlive/2014/texmf-dist/tex/generic/pgf/frontendlayer/tikz/librarie
s/tikzlibrarytopaths.code.tex
File: tikzlibrarytopaths.code.tex 2008/06/17 v3.0.0 (rcs-revision 1.2)
)))
(/usr/local/texlive/2014/texmf-dist/tex/latex/fragments/subscript.sty)
(/usr/local/texlive/2014/texmf-dist/tex/latex/subfigure/subfigure.sty
Package: subfigure 2002/03/15 v2.1.5 subfigure package
\subfigtopskip=\skip60
\subfigcapskip=\skip61
\subfigcaptopadj=\dimen201
\subfigbottomskip=\skip62
\subfigcapmargin=\dimen202
\subfiglabelskip=\skip63
\c@subfigure=\count163
\c@lofdepth=\count164
\c@subtable=\count165
\c@lotdepth=\count166

****************************************
* Local config file subfigure.cfg used *
****************************************
(/usr/local/texlive/2014/texmf-dist/tex/latex/subfigure/subfigure.cfg)
\subfig@top=\skip64
\subfig@bottom=\skip65
)
(/usr/local/texlive/2014/texmf-dist/tex/latex/beamer/themes/theme/compatibility
/beamerthemesplit.sty
Package: beamerthemesplit 2010/06/17  (rcs-revision d02a7cf4d8ae)

(/usr/local/texlive/2014/texmf-dist/tex/latex/beamer/themes/color/beamercolorth
emewhale.sty
Package: beamercolorthemewhale 2010/06/17  (rcs-revision d02a7cf4d8ae)
)
(/usr/local/texlive/2014/texmf-dist/tex/latex/beamer/themes/outer/beamerouterth
emesplit.sty
Package: beamerouterthemesplit 2012/10/16  (rcs-revision 51a8c72084af)
)
(/usr/local/texlive/2014/texmf-dist/tex/latex/beamer/themes/font/beamerfontthem
estructurebold.sty
Package: beamerfontthemestructurebold 2010/06/17  (rcs-revision d02a7cf4d8ae)
))
(/usr/local/texlive/2014/texmf-dist/tex/latex/beamer/themes/theme/beamerthemeBe
rkeley.sty
Package: beamerthemeBerkeley 2010/06/17  (rcs-revision d02a7cf4d8ae)

(/usr/local/texlive/2014/texmf-dist/tex/latex/beamer/themes/outer/beamerouterth
emesidebar.sty
Package: beamerouterthemesidebar 2010/06/17  (rcs-revision d02a7cf4d8ae)
\beamer@sidebarwidth=\dimen203
\beamer@headheight=\dimen204
)
(/usr/local/texlive/2014/texmf-dist/tex/latex/beamer/themes/inner/beamerinnerth
emerectangles.sty
Package: beamerinnerthemerectangles 2010/06/17  (rcs-revision d02a7cf4d8ae)
)
(/usr/local/texlive/2014/texmf-dist/tex/latex/beamer/themes/color/beamercolorth
emeorchid.sty
Package: beamercolorthemeorchid 2010/06/17  (rcs-revision d02a7cf4d8ae)
)) (./phyheader.tex) (./Slides.aux)
\openout1 = `Slides.aux'.

LaTeX Font Info:    Checking defaults for OML/cmm/m/it on input line 66.
LaTeX Font Info:    ... okay on input line 66.
LaTeX Font Info:    Checking defaults for T1/cmr/m/n on input line 66.
LaTeX Font Info:    ... okay on input line 66.
LaTeX Font Info:    Checking defaults for OT1/cmr/m/n on input line 66.
LaTeX Font Info:    ... okay on input line 66.
LaTeX Font Info:    Checking defaults for OMS/cmsy/m/n on input line 66.
LaTeX Font Info:    ... okay on input line 66.
LaTeX Font Info:    Checking defaults for OMX/cmex/m/n on input line 66.
LaTeX Font Info:    ... okay on input line 66.
LaTeX Font Info:    Checking defaults for U/cmr/m/n on input line 66.
LaTeX Font Info:    ... okay on input line 66.
LaTeX Font Info:    Checking defaults for PD1/pdf/m/n on input line 66.
LaTeX Font Info:    ... okay on input line 66.

*geometry* driver: auto-detecting
*geometry* detected driver: pdftex
*geometry* verbose mode - [ preamble ] result:
* driver: pdftex
* paper: custom
* layout: <same size as paper>
* layoutoffset:(h,v)=(0.0pt,0.0pt)
* modes: includehead includefoot 
* h-part:(L,W,R)=(14.22636pt, 335.74263pt, 14.22636pt)
* v-part:(T,H,B)=(0.0pt, 273.14662pt, 0.0pt)
* \paperwidth=364.19536pt
* \paperheight=273.14662pt
* \textwidth=335.74263pt
* \textheight=244.6939pt
* \oddsidemargin=-58.04362pt
* \evensidemargin=-58.04362pt
* \topmargin=-72.26999pt
* \headheight=14.22636pt
* \headsep=0.0pt
* \topskip=11.0pt
* \footskip=14.22636pt
* \marginparwidth=4.0pt
* \marginparsep=10.0pt
* \columnsep=10.0pt
* \skip\footins=10.0pt plus 4.0pt minus 2.0pt
* \hoffset=0.0pt
* \voffset=0.0pt
* \mag=1000
* \@twocolumnfalse
* \@twosidefalse
* \@mparswitchfalse
* \@reversemarginfalse
* (1in=72.27pt=25.4mm, 1cm=28.453pt)

(/usr/local/texlive/2014/texmf-dist/tex/context/base/supp-pdf.mkii
[Loading MPS to PDF converter (version 2006.09.02).]
\scratchcounter=\count167
\scratchdimen=\dimen205
\scratchbox=\box58
\nofMPsegments=\count168
\nofMParguments=\count169
\everyMPshowfont=\toks49
\MPscratchCnt=\count170
\MPscratchDim=\dimen206
\MPnumerator=\count171
\makeMPintoPDFobject=\count172
\everyMPtoPDFconversion=\toks50
) (/usr/local/texlive/2014/texmf-dist/tex/latex/oberdiek/epstopdf-base.sty
Package: epstopdf-base 2010/02/09 v2.5 Base part for package epstopdf

(/usr/local/texlive/2014/texmf-dist/tex/latex/oberdiek/grfext.sty
Package: grfext 2010/08/19 v1.1 Manage graphics extensions (HO)
)
Package grfext Info: Graphics extension search list:
(grfext)             [.png,.pdf,.jpg,.mps,.jpeg,.jbig2,.jb2,.PNG,.PDF,.JPG,.JPE
G,.JBIG2,.JB2,.eps]
(grfext)             \AppendGraphicsExtensions on input line 452.

(/usr/local/texlive/2014/texmf-dist/tex/latex/latexconfig/epstopdf-sys.cfg
File: epstopdf-sys.cfg 2010/07/13 v1.3 Configuration of (r)epstopdf for TeX Liv
e
))
ABD: EveryShipout initializing macros
\AtBeginShipoutBox=\box59
Package hyperref Info: Link coloring OFF on input line 66.

(/usr/local/texlive/2014/texmf-dist/tex/latex/hyperref/nameref.sty
Package: nameref 2012/10/27 v2.43 Cross-referencing by name of section

(/usr/local/texlive/2014/texmf-dist/tex/generic/oberdiek/gettitlestring.sty
Package: gettitlestring 2010/12/03 v1.4 Cleanup title references (HO)
)
\c@section@level=\count173
)
LaTeX Info: Redefining \ref on input line 66.
LaTeX Info: Redefining \pageref on input line 66.
LaTeX Info: Redefining \nameref on input line 66.

(./Slides.out) (./Slides.out)
\@outlinefile=\write5
\openout5 = `Slides.out'.

LaTeX Font Info:    Overwriting symbol font `operators' in version `normal'
(Font)                  OT1/cmr/m/n --> OT1/cmss/m/n on input line 66.
LaTeX Font Info:    Overwriting symbol font `operators' in version `bold'
(Font)                  OT1/cmr/bx/n --> OT1/cmss/bx/n on input line 66.
\symnumbers=\mathgroup6
\sympureletters=\mathgroup7
LaTeX Font Info:    Overwriting math alphabet `\mathrm' in version `normal'
(Font)                  OT1/cmss/m/n --> T1/cmr/m/n on input line 66.
LaTeX Font Info:    Redeclaring math alphabet \mathbf on input line 66.
LaTeX Font Info:    Overwriting math alphabet `\mathbf' in version `normal'
(Font)                  OT1/cmr/bx/n --> T1/cmss/bx/n on input line 66.
LaTeX Font Info:    Overwriting math alphabet `\mathbf' in version `bold'
(Font)                  OT1/cmr/bx/n --> T1/cmss/bx/n on input line 66.
LaTeX Font Info:    Redeclaring math alphabet \mathsf on input line 66.
LaTeX Font Info:    Overwriting math alphabet `\mathsf' in version `normal'
(Font)                  OT1/cmss/m/n --> T1/cmss/m/n on input line 66.
LaTeX Font Info:    Overwriting math alphabet `\mathsf' in version `bold'
(Font)                  OT1/cmss/bx/n --> T1/cmss/m/n on input line 66.
LaTeX Font Info:    Redeclaring math alphabet \mathit on input line 66.
LaTeX Font Info:    Overwriting math alphabet `\mathit' in version `normal'
(Font)                  OT1/cmr/m/it --> T1/cmss/m/it on input line 66.
LaTeX Font Info:    Overwriting math alphabet `\mathit' in version `bold'
(Font)                  OT1/cmr/bx/it --> T1/cmss/m/it on input line 66.
LaTeX Font Info:    Redeclaring math alphabet \mathtt on input line 66.
LaTeX Font Info:    Overwriting math alphabet `\mathtt' in version `normal'
(Font)                  OT1/cmtt/m/n --> T1/cmtt/m/n on input line 66.
LaTeX Font Info:    Overwriting math alphabet `\mathtt' in version `bold'
(Font)                  OT1/cmtt/m/n --> T1/cmtt/m/n on input line 66.
LaTeX Font Info:    Overwriting symbol font `numbers' in version `bold'
(Font)                  T1/cmss/m/n --> T1/cmss/bx/n on input line 66.
LaTeX Font Info:    Overwriting symbol font `pureletters' in version `bold'
(Font)                  T1/cmss/m/it --> T1/cmss/bx/it on input line 66.
LaTeX Font Info:    Overwriting math alphabet `\mathrm' in version `bold'
(Font)                  OT1/cmss/bx/n --> T1/cmr/bx/n on input line 66.
LaTeX Font Info:    Overwriting math alphabet `\mathbf' in version `bold'
(Font)                  T1/cmss/bx/n --> T1/cmss/bx/n on input line 66.
LaTeX Font Info:    Overwriting math alphabet `\mathsf' in version `bold'
(Font)                  T1/cmss/m/n --> T1/cmss/bx/n on input line 66.
LaTeX Font Info:    Overwriting math alphabet `\mathit' in version `bold'
(Font)                  T1/cmss/m/it --> T1/cmss/bx/it on input line 66.
LaTeX Font Info:    Overwriting math alphabet `\mathtt' in version `bold'
(Font)                  T1/cmtt/m/n --> T1/cmtt/bx/n on input line 66.
LaTeX Font Info:    Redeclaring symbol font `pureletters' on input line 66.
LaTeX Font Info:    Encoding `T1' has changed to `OT1' for symbol font
(Font)              `pureletters' in the math version `normal' on input line 66
.
LaTeX Font Info:    Overwriting symbol font `pureletters' in version `normal'
(Font)                  T1/cmss/m/it --> OT1/mathkerncmss/m/sl on input line 66
.
LaTeX Font Info:    Encoding `T1' has changed to `OT1' for symbol font
(Font)              `pureletters' in the math version `bold' on input line 66.
LaTeX Font Info:    Overwriting symbol font `pureletters' in version `bold'
(Font)                  T1/cmss/bx/it --> OT1/mathkerncmss/m/sl on input line 6
6.
LaTeX Font Info:    Overwriting symbol font `pureletters' in version `bold'
(Font)                  OT1/mathkerncmss/m/sl --> OT1/mathkerncmss/bx/sl on inp
ut line 66.

(/usr/local/texlive/2014/texmf-dist/tex/latex/beamer/translator/dicts/translato
r-basic-dictionary/translator-basic-dictionary-English.dict
Dictionary: translator-basic-dictionary, Language: English 
)
(/usr/local/texlive/2014/texmf-dist/tex/latex/beamer/translator/dicts/translato
r-bibliography-dictionary/translator-bibliography-dictionary-English.dict
Dictionary: translator-bibliography-dictionary, Language: English 
)
(/usr/local/texlive/2014/texmf-dist/tex/latex/beamer/translator/dicts/translato
r-environment-dictionary/translator-environment-dictionary-English.dict
Dictionary: translator-environment-dictionary, Language: English 
)
(/usr/local/texlive/2014/texmf-dist/tex/latex/beamer/translator/dicts/translato
r-months-dictionary/translator-months-dictionary-English.dict
Dictionary: translator-months-dictionary, Language: English 
)
(/usr/local/texlive/2014/texmf-dist/tex/latex/beamer/translator/dicts/translato
r-numbers-dictionary/translator-numbers-dictionary-English.dict
Dictionary: translator-numbers-dictionary, Language: English 
)
(/usr/local/texlive/2014/texmf-dist/tex/latex/beamer/translator/dicts/translato
r-theorem-dictionary/translator-theorem-dictionary-English.dict
Dictionary: translator-theorem-dictionary, Language: English 
)
LaTeX Info: Redefining \includegraphics on input line 66.
 (./Slides.nav) <Logos/IPAG-logo.png, id=13, 284.5029pt x 201.1515pt>
File: Logos/IPAG-logo.png Graphic file (type png)

<use Logos/IPAG-logo.png>
Package pdftex.def Info: Logos/IPAG-logo.png used on input line 66.
(pdftex.def)             Requested size: 56.9055pt x 40.23265pt.
 <Logos/UNED-logo.jpg, id=15, 686.565pt x 686.565pt>
File: Logos/UNED-logo.jpg Graphic file (type jpg)

<use Logos/UNED-logo.jpg>
Package pdftex.def Info: Logos/UNED-logo.jpg used on input line 66.
(pdftex.def)             Requested size: 34.14322pt x 34.14168pt.
 <Media/Pleiades.jpg, id=16, 1806.75pt x 915.42pt>
File: Media/Pleiades.jpg Graphic file (type jpg)

<use Media/Pleiades.jpg>
Package pdftex.def Info: Media/Pleiades.jpg used on input line 93.
(pdftex.def)             Requested size: 335.74263pt x 170.10432pt.


LaTeX Font Warning: Font shape `T1/cmss/bx/n' in size <4> not available
(Font)              size <5> substituted on input line 93.


LaTeX Font Warning: Font shape `T1/cmss/m/n' in size <4> not available
(Font)              size <5> substituted on input line 93.

File: Logos/IPAG-logo.png Graphic file (type png)
<use Logos/IPAG-logo.png>
Package pdftex.def Info: Logos/IPAG-logo.png used on input line 93.
(pdftex.def)             Requested size: 56.9055pt x 40.23265pt.
File: Logos/UNED-logo.jpg Graphic file (type jpg)
 <use Logos/UNED-logo.jpg>
Package pdftex.def Info: Logos/UNED-logo.jpg used on input line 93.
(pdftex.def)             Requested size: 34.14322pt x 34.14168pt.
 [1{/usr/local/texlive/2014/texmf-var/fonts/map/pdftex/updmap/pdftex.map}

 <./Logos/IPAG-logo.png> <./Logos/UNED-logo.jpg> <./Media/Pleiades.jpg>]
<Media/Pleiades-RADec.png, id=28, 715.67375pt x 638.385pt>
File: Media/Pleiades-RADec.png Graphic file (type png)

<use Media/Pleiades-RADec.png>
Package pdftex.def Info: Media/Pleiades-RADec.png used on input line 93.
(pdftex.def)             Requested size: 235.01881pt x 209.63515pt.

Overfull \vbox (1.20853pt too high) detected at line 93
 []

File: Logos/IPAG-logo.png Graphic file (type png)
<use Logos/IPAG-logo.png>
Package pdftex.def Info: Logos/IPAG-logo.png used on input line 93.
(pdftex.def)             Requested size: 56.9055pt x 40.23265pt.
File: Logos/UNED-logo.jpg Graphic file (type jpg)
 <use Logos/UNED-logo.jpg>
Package pdftex.def Info: Logos/UNED-logo.jpg used on input line 93.
(pdftex.def)             Requested size: 34.14322pt x 34.14168pt.
 [2

 <./Media/Pleiades-RADec.png (PNG copy)>] <Media/Pleiades-pmRADec.png, id=35, 6
84.5575pt x 638.385pt>
File: Media/Pleiades-pmRADec.png Graphic file (type png)

<use Media/Pleiades-pmRADec.png>
Package pdftex.def Info: Media/Pleiades-pmRADec.png used on input line 93.
(pdftex.def)             Requested size: 235.01881pt x 219.1618pt.

Overfull \vbox (10.73518pt too high) detected at line 93
 []

File: Logos/IPAG-logo.png Graphic file (type png)
<use Logos/IPAG-logo.png>
Package pdftex.def Info: Logos/IPAG-logo.png used on input line 93.
(pdftex.def)             Requested size: 56.9055pt x 40.23265pt.
File: Logos/UNED-logo.jpg Graphic file (type jpg)
 <use Logos/UNED-logo.jpg>
Package pdftex.def Info: Logos/UNED-logo.jpg used on input line 93.
(pdftex.def)             Requested size: 34.14322pt x 34.14168pt.
 [3

 <./Media/Pleiades-pmRADec.png (PNG copy)>] <Media/Pleiades-K_i_K.png, id=42, 8
48.16875pt x 638.385pt>
File: Media/Pleiades-K_i_K.png Graphic file (type png)

<use Media/Pleiades-K_i_K.png>
Package pdftex.def Info: Media/Pleiades-K_i_K.png used on input line 93.
(pdftex.def)             Requested size: 268.59512pt x 202.16383pt.
File: Logos/IPAG-logo.png Graphic file (type png)
 <use Logos/IPAG-logo.png>
Package pdftex.def Info: Logos/IPAG-logo.png used on input line 93.
(pdftex.def)             Requested size: 56.9055pt x 40.23265pt.
File: Logos/UNED-logo.jpg Graphic file (type jpg)

<use Logos/UNED-logo.jpg>
Package pdftex.def Info: Logos/UNED-logo.jpg used on input line 93.
(pdftex.def)             Requested size: 34.14322pt x 34.14168pt.
 [4

 <./Media/Pleiades-K_i_K.png (PNG copy)>]
File: Logos/IPAG-logo.png Graphic file (type png)

<use Logos/IPAG-logo.png>
Package pdftex.def Info: Logos/IPAG-logo.png used on input line 132.
(pdftex.def)             Requested size: 56.9055pt x 40.23265pt.
File: Logos/UNED-logo.jpg Graphic file (type jpg)
 <use Logos/UNED-logo.jpg>
Package pdftex.def Info: Logos/UNED-logo.jpg used on input line 132.
(pdftex.def)             Requested size: 34.14322pt x 34.14168pt.
 [5

]
File: Logos/IPAG-logo.png Graphic file (type png)

<use Logos/IPAG-logo.png>
Package pdftex.def Info: Logos/IPAG-logo.png used on input line 145.
(pdftex.def)             Requested size: 56.9055pt x 40.23265pt.
File: Logos/UNED-logo.jpg Graphic file (type jpg)
 <use Logos/UNED-logo.jpg>
Package pdftex.def Info: Logos/UNED-logo.jpg used on input line 145.
(pdftex.def)             Requested size: 34.14322pt x 34.14168pt.
 [6

]
File: Logos/IPAG-logo.png Graphic file (type png)

<use Logos/IPAG-logo.png>
Package pdftex.def Info: Logos/IPAG-logo.png used on input line 174.
(pdftex.def)             Requested size: 56.9055pt x 40.23265pt.
File: Logos/UNED-logo.jpg Graphic file (type jpg)
 <use Logos/UNED-logo.jpg>
Package pdftex.def Info: Logos/UNED-logo.jpg used on input line 174.
(pdftex.def)             Requested size: 34.14322pt x 34.14168pt.
 [7

]
File: Logos/IPAG-logo.png Graphic file (type png)

<use Logos/IPAG-logo.png>
Package pdftex.def Info: Logos/IPAG-logo.png used on input line 174.
(pdftex.def)             Requested size: 56.9055pt x 40.23265pt.
File: Logos/UNED-logo.jpg Graphic file (type jpg)
 <use Logos/UNED-logo.jpg>
Package pdftex.def Info: Logos/UNED-logo.jpg used on input line 174.
(pdftex.def)             Requested size: 34.14322pt x 34.14168pt.
 [8

]
File: Logos/IPAG-logo.png Graphic file (type png)

<use Logos/IPAG-logo.png>
Package pdftex.def Info: Logos/IPAG-logo.png used on input line 185.
(pdftex.def)             Requested size: 56.9055pt x 40.23265pt.
File: Logos/UNED-logo.jpg Graphic file (type jpg)
 <use Logos/UNED-logo.jpg>
Package pdftex.def Info: Logos/UNED-logo.jpg used on input line 185.
(pdftex.def)             Requested size: 34.14322pt x 34.14168pt.
 [9

]
File: Logos/IPAG-logo.png Graphic file (type png)

<use Logos/IPAG-logo.png>
Package pdftex.def Info: Logos/IPAG-logo.png used on input line 197.
(pdftex.def)             Requested size: 56.9055pt x 40.23265pt.
File: Logos/UNED-logo.jpg Graphic file (type jpg)
 <use Logos/UNED-logo.jpg>
Package pdftex.def Info: Logos/UNED-logo.jpg used on input line 197.
(pdftex.def)             Requested size: 34.14322pt x 34.14168pt.
 [10

]
<../background/Figures/F1_Bouy2013.pdf, id=90, 506.26294pt x 507.44553pt>
File: ../background/Figures/F1_Bouy2013.pdf Graphic file (type pdf)

<use ../background/Figures/F1_Bouy2013.pdf>
Package pdftex.def Info: ../background/Figures/F1_Bouy2013.pdf used on input li
ne 209.
(pdftex.def)             Requested size: 235.01881pt x 235.57257pt.

Overfull \vbox (15.14595pt too high) detected at line 209
 []

File: Logos/IPAG-logo.png Graphic file (type png)
<use Logos/IPAG-logo.png>
Package pdftex.def Info: Logos/IPAG-logo.png used on input line 209.
(pdftex.def)             Requested size: 56.9055pt x 40.23265pt.
File: Logos/UNED-logo.jpg Graphic file (type jpg)
 <use Logos/UNED-logo.jpg>
Package pdftex.def Info: Logos/UNED-logo.jpg used on input line 209.
(pdftex.def)             Requested size: 34.14322pt x 34.14168pt.
 [11

 <../background/Figures/F1_Bouy2013.pdf>] <Media/PM_precision.pdf, id=121, 885.
42053pt x 446.78307pt>
File: Media/PM_precision.pdf Graphic file (type pdf)

<use Media/PM_precision.pdf>
Package pdftex.def Info: Media/PM_precision.pdf used on input line 209.
(pdftex.def)             Requested size: 235.01881pt x 118.58783pt.
File: Logos/IPAG-logo.png Graphic file (type png)
 <use Logos/IPAG-logo.png>
Package pdftex.def Info: Logos/IPAG-logo.png used on input line 209.
(pdftex.def)             Requested size: 56.9055pt x 40.23265pt.
File: Logos/UNED-logo.jpg Graphic file (type jpg)

<use Logos/UNED-logo.jpg>
Package pdftex.def Info: Logos/UNED-logo.jpg used on input line 209.
(pdftex.def)             Requested size: 34.14322pt x 34.14168pt.
 [12

 <./Media/PM_precision.pdf>]
<Media/Pleiades-RADec2.png, id=171, 754.82pt x 638.385pt>
File: Media/Pleiades-RADec2.png Graphic file (type png)

<use Media/Pleiades-RADec2.png>
Package pdftex.def Info: Media/Pleiades-RADec2.png used on input line 209.
(pdftex.def)             Requested size: 235.01881pt x 198.76424pt.
File: Logos/IPAG-logo.png Graphic file (type png)
 <use Logos/IPAG-logo.png>
Package pdftex.def Info: Logos/IPAG-logo.png used on input line 209.
(pdftex.def)             Requested size: 56.9055pt x 40.23265pt.
File: Logos/UNED-logo.jpg Graphic file (type jpg)

<use Logos/UNED-logo.jpg>
Package pdftex.def Info: Logos/UNED-logo.jpg used on input line 209.
(pdftex.def)             Requested size: 34.14322pt x 34.14168pt.
 [13

 <./Media/Pleiades-RADec2.png (PNG copy)>]
<Media/Pleiades-Dec_i.png, id=179, 679.53876pt x 638.385pt>
File: Media/Pleiades-Dec_i.png Graphic file (type png)

<use Media/Pleiades-Dec_i.png>
Package pdftex.def Info: Media/Pleiades-Dec_i.png used on input line 209.
(pdftex.def)             Requested size: 235.01881pt x 220.77881pt.

Overfull \vbox (0.35219pt too high) detected at line 209
 []

File: Logos/IPAG-logo.png Graphic file (type png)
<use Logos/IPAG-logo.png>
Package pdftex.def Info: Logos/IPAG-logo.png used on input line 209.
(pdftex.def)             Requested size: 56.9055pt x 40.23265pt.
File: Logos/UNED-logo.jpg Graphic file (type jpg)
 <use Logos/UNED-logo.jpg>
Package pdftex.def Info: Logos/UNED-logo.jpg used on input line 209.
(pdftex.def)             Requested size: 34.14322pt x 34.14168pt.
 [14

 <./Media/Pleiades-Dec_i.png (PNG copy)>] <Media/Pleiades-Dec_K.png, id=186, 67
9.53876pt x 638.385pt>
File: Media/Pleiades-Dec_K.png Graphic file (type png)

<use Media/Pleiades-Dec_K.png>
Package pdftex.def Info: Media/Pleiades-Dec_K.png used on input line 209.
(pdftex.def)             Requested size: 235.01881pt x 220.77881pt.

Overfull \vbox (0.35219pt too high) detected at line 209
 []

File: Logos/IPAG-logo.png Graphic file (type png)
<use Logos/IPAG-logo.png>
Package pdftex.def Info: Logos/IPAG-logo.png used on input line 209.
(pdftex.def)             Requested size: 56.9055pt x 40.23265pt.
File: Logos/UNED-logo.jpg Graphic file (type jpg)
 <use Logos/UNED-logo.jpg>
Package pdftex.def Info: Logos/UNED-logo.jpg used on input line 209.
(pdftex.def)             Requested size: 34.14322pt x 34.14168pt.
 [15

 <./Media/Pleiades-Dec_K.png (PNG copy)>]
<../background/Figures/MagnitudeDistributionsDDR2.pdf, id=193, 505.89pt x 505.8
9pt>
File: ../background/Figures/MagnitudeDistributionsDDR2.pdf Graphic file (type p
df)
 <use ../background/Figures/MagnitudeDistributionsDDR2.pdf>
Package pdftex.def Info: ../background/Figures/MagnitudeDistributionsDDR2.pdf u
sed on input line 209.
(pdftex.def)             Requested size: 201.44762pt x 201.44925pt.
File: Logos/IPAG-logo.png Graphic file (type png)

<use Logos/IPAG-logo.png>
Package pdftex.def Info: Logos/IPAG-logo.png used on input line 209.
(pdftex.def)             Requested size: 56.9055pt x 40.23265pt.
File: Logos/UNED-logo.jpg Graphic file (type jpg)
 <use Logos/UNED-logo.jpg>
Package pdftex.def Info: Logos/UNED-logo.jpg used on input line 209.
(pdftex.def)             Requested size: 34.14322pt x 34.14168pt.
 [16

 <../background/Figures/MagnitudeDistributionsDDR2.pdf>]
<../background/Figures/MissingDistributionsDDR2.pdf, id=206, 505.89pt x 505.89p
t>
File: ../background/Figures/MissingDistributionsDDR2.pdf Graphic file (type pdf
)
 <use ../background/Figures/MissingDistributionsDDR2.pdf>
Package pdftex.def Info: ../background/Figures/MissingDistributionsDDR2.pdf use
d on input line 209.
(pdftex.def)             Requested size: 201.44762pt x 201.44925pt.
File: Logos/IPAG-logo.png Graphic file (type png)

<use Logos/IPAG-logo.png>
Package pdftex.def Info: Logos/IPAG-logo.png used on input line 209.
(pdftex.def)             Requested size: 56.9055pt x 40.23265pt.
File: Logos/UNED-logo.jpg Graphic file (type jpg)
 <use Logos/UNED-logo.jpg>
Package pdftex.def Info: Logos/UNED-logo.jpg used on input line 209.
(pdftex.def)             Requested size: 34.14322pt x 34.14168pt.
 [17

 <../background/Figures/MissingDistributionsDDR2.pdf>]
<../background/Figures/MagnitudeDistributions.pdf, id=218, page=1, 505.89pt x 5
05.89pt>
File: ../background/Figures/MagnitudeDistributions.pdf Graphic file (type pdf)
 <use ../background/Figures/MagnitudeDistributions.pdf, page 1>
Package pdftex.def Info: ../background/Figures/MagnitudeDistributions.pdf, page
1 used on input line 228.
(pdftex.def)             Requested size: 201.44762pt x 201.44925pt.
File: Logos/IPAG-logo.png Graphic file (type png)

<use Logos/IPAG-logo.png>
Package pdftex.def Info: Logos/IPAG-logo.png used on input line 228.
(pdftex.def)             Requested size: 56.9055pt x 40.23265pt.
File: Logos/UNED-logo.jpg Graphic file (type jpg)
 <use Logos/UNED-logo.jpg>
Package pdftex.def Info: Logos/UNED-logo.jpg used on input line 228.
(pdftex.def)             Requested size: 34.14322pt x 34.14168pt.
 [18

 <../background/Figures/MagnitudeDistributions.pdf>]
<../background/Figures/MissingDistributions.pdf, id=232, page=4, 505.89pt x 505
.89pt>
File: ../background/Figures/MissingDistributions.pdf Graphic file (type pdf)
 <use ../background/Figures/MissingDistributions.pdf, page 4>
Package pdftex.def Info: ../background/Figures/MissingDistributions.pdf, page4 
used on input line 228.
(pdftex.def)             Requested size: 201.44762pt x 201.44925pt.
File: Logos/IPAG-logo.png Graphic file (type png)

<use Logos/IPAG-logo.png>
Package pdftex.def Info: Logos/IPAG-logo.png used on input line 228.
(pdftex.def)             Requested size: 56.9055pt x 40.23265pt.
File: Logos/UNED-logo.jpg Graphic file (type jpg)
 <use Logos/UNED-logo.jpg>
Package pdftex.def Info: Logos/UNED-logo.jpg used on input line 228.
(pdftex.def)             Requested size: 34.14322pt x 34.14168pt.
 [19

 <../background/Figures/MissingDistributions.pdf>]
<../background/Figures/ObservedDistributions.pdf, id=245, 505.89pt x 505.89pt>
File: ../background/Figures/ObservedDistributions.pdf Graphic file (type pdf)

<use ../background/Figures/ObservedDistributions.pdf>
Package pdftex.def Info: ../background/Figures/ObservedDistributions.pdf used o
n input line 228.
(pdftex.def)             Requested size: 201.44762pt x 201.44925pt.
File: Logos/IPAG-logo.png Graphic file (type png)

<use Logos/IPAG-logo.png>
Package pdftex.def Info: Logos/IPAG-logo.png used on input line 228.
(pdftex.def)             Requested size: 56.9055pt x 40.23265pt.
File: Logos/UNED-logo.jpg Graphic file (type jpg)
 <use Logos/UNED-logo.jpg>
Package pdftex.def Info: Logos/UNED-logo.jpg used on input line 228.
(pdftex.def)             Requested size: 34.14322pt x 34.14168pt.
 [20

 <../background/Figures/ObservedDistributions.pdf>]
LaTeX Font Info:    Try loading font information for U+msa on input line 228.

(/usr/local/texlive/2014/texmf-dist/tex/latex/amsfonts/umsa.fd
File: umsa.fd 2013/01/14 v3.01 AMS symbols A
)
LaTeX Font Info:    Try loading font information for U+msb on input line 228.

(/usr/local/texlive/2014/texmf-dist/tex/latex/amsfonts/umsb.fd
File: umsb.fd 2013/01/14 v3.01 AMS symbols B
)
LaTeX Font Info:    Try loading font information for OT1+mathkerncmss on input 
line 228.

(/usr/local/texlive/2014/texmf-dist/tex/latex/sansmathaccent/ot1mathkerncmss.fd
File: ot1mathkerncmss.fd 2013/03/27 Fontinst v1.933 font definitions for OT1/ma
thkerncmss.
)
File: Logos/IPAG-logo.png Graphic file (type png)
 <use Logos/IPAG-logo.png>
Package pdftex.def Info: Logos/IPAG-logo.png used on input line 228.
(pdftex.def)             Requested size: 56.9055pt x 40.23265pt.
File: Logos/UNED-logo.jpg Graphic file (type jpg)
 <use Logos/UNED-logo.jpg>
Package pdftex.def Info: Logos/UNED-logo.jpg used on input line 228.
(pdftex.def)             Requested size: 34.14322pt x 34.14168pt.
 [21

]
File: Logos/IPAG-logo.png Graphic file (type png)

<use Logos/IPAG-logo.png>
Package pdftex.def Info: Logos/IPAG-logo.png used on input line 245.
(pdftex.def)             Requested size: 56.9055pt x 40.23265pt.
File: Logos/UNED-logo.jpg Graphic file (type jpg)
 <use Logos/UNED-logo.jpg>
Package pdftex.def Info: Logos/UNED-logo.jpg used on input line 245.
(pdftex.def)             Requested size: 34.14322pt x 34.14168pt.
 [22

]
File: Logos/IPAG-logo.png Graphic file (type png)

<use Logos/IPAG-logo.png>
Package pdftex.def Info: Logos/IPAG-logo.png used on input line 264.
(pdftex.def)             Requested size: 56.9055pt x 40.23265pt.
File: Logos/UNED-logo.jpg Graphic file (type jpg)
 <use Logos/UNED-logo.jpg>
Package pdftex.def Info: Logos/UNED-logo.jpg used on input line 264.
(pdftex.def)             Requested size: 34.14322pt x 34.14168pt.
 [23

]
File: Logos/IPAG-logo.png Graphic file (type png)

<use Logos/IPAG-logo.png>
Package pdftex.def Info: Logos/IPAG-logo.png used on input line 284.
(pdftex.def)             Requested size: 56.9055pt x 40.23265pt.
File: Logos/UNED-logo.jpg Graphic file (type jpg)
 <use Logos/UNED-logo.jpg>
Package pdftex.def Info: Logos/UNED-logo.jpg used on input line 284.
(pdftex.def)             Requested size: 34.14322pt x 34.14168pt.
 [24

]
<../background/Figures/Field_GMM.pdf, id=293, page=1, 405.85988pt x 311.91939pt
>
File: ../background/Figures/Field_GMM.pdf Graphic file (type pdf)
 <use ../background/Figures/Field_GMM.pdf, page 1>
Package pdftex.def Info: ../background/Figures/Field_GMM.pdf, page1 used on inp
ut line 284.
(pdftex.def)             Requested size: 235.01881pt x 180.62779pt.
File: Logos/IPAG-logo.png Graphic file (type png)
 <use Logos/IPAG-logo.png>
Package pdftex.def Info: Logos/IPAG-logo.png used on input line 284.
(pdftex.def)             Requested size: 56.9055pt x 40.23265pt.
File: Logos/UNED-logo.jpg Graphic file (type jpg)

<use Logos/UNED-logo.jpg>
Package pdftex.def Info: Logos/UNED-logo.jpg used on input line 284.
(pdftex.def)             Requested size: 34.14322pt x 34.14168pt.
 [25

 <../background/Figures/Field_GMM.pdf>]
<../background/Figures/Field_GMM.pdf, id=379, page=7, 393.41974pt x 310.34052pt
>
File: ../background/Figures/Field_GMM.pdf Graphic file (type pdf)
 <use ../background/Figures/Field_GMM.pdf, page 7>
Package pdftex.def Info: ../background/Figures/Field_GMM.pdf, page7 used on inp
ut line 284.
(pdftex.def)             Requested size: 235.01881pt x 185.39125pt.
File: Logos/IPAG-logo.png Graphic file (type png)
 <use Logos/IPAG-logo.png>
Package pdftex.def Info: Logos/IPAG-logo.png used on input line 284.
(pdftex.def)             Requested size: 56.9055pt x 40.23265pt.
File: Logos/UNED-logo.jpg Graphic file (type jpg)

<use Logos/UNED-logo.jpg>
Package pdftex.def Info: Logos/UNED-logo.jpg used on input line 284.
(pdftex.def)             Requested size: 34.14322pt x 34.14168pt.
 [26

 <../background/Figures/Field_GMM.pdf>]
<../background/Figures/Field_GMM.pdf, id=451, page=5, 393.41974pt x 310.34052pt
>
File: ../background/Figures/Field_GMM.pdf Graphic file (type pdf)
 <use ../background/Figures/Field_GMM.pdf, page 5>
Package pdftex.def Info: ../background/Figures/Field_GMM.pdf, page5 used on inp
ut line 284.
(pdftex.def)             Requested size: 235.01881pt x 185.39125pt.
File: Logos/IPAG-logo.png Graphic file (type png)
 <use Logos/IPAG-logo.png>
Package pdftex.def Info: Logos/IPAG-logo.png used on input line 284.
(pdftex.def)             Requested size: 56.9055pt x 40.23265pt.
File: Logos/UNED-logo.jpg Graphic file (type jpg)

<use Logos/UNED-logo.jpg>
Package pdftex.def Info: Logos/UNED-logo.jpg used on input line 284.
(pdftex.def)             Requested size: 34.14322pt x 34.14168pt.
 [27

 <../background/Figures/Field_GMM.pdf>]
<../background/Figures/validationMissing.pdf, id=524, page=4, 409.67213pt x 310
.34052pt>
File: ../background/Figures/validationMissing.pdf Graphic file (type pdf)
 <use ../background/Figures/validationMissing.pdf, page 4>
Package pdftex.def Info: ../background/Figures/validationMissing.pdf, page4 use
d on input line 308.
(pdftex.def)             Requested size: 201.44746pt x 179.32045pt.

Overfull \hbox (33.57616pt too wide) in paragraph at lines 308--308
[][]  
 []

File: Logos/IPAG-logo.png Graphic file (type png)
<use Logos/IPAG-logo.png>
Package pdftex.def Info: Logos/IPAG-logo.png used on input line 308.
(pdftex.def)             Requested size: 56.9055pt x 40.23265pt.
File: Logos/UNED-logo.jpg Graphic file (type jpg)
 <use Logos/UNED-logo.jpg>
Package pdftex.def Info: Logos/UNED-logo.jpg used on input line 308.
(pdftex.def)             Requested size: 34.14322pt x 34.14168pt.
 [28

 <../background/Figures/validationMissing.pdf>]
File: Logos/IPAG-logo.png Graphic file (type png)
 <use Logos/IPAG-logo.png>
Package pdftex.def Info: Logos/IPAG-logo.png used on input line 341.
(pdftex.def)             Requested size: 56.9055pt x 40.23265pt.
File: Logos/UNED-logo.jpg Graphic file (type jpg)
 <use Logos/UNED-logo.jpg>
Package pdftex.def Info: Logos/UNED-logo.jpg used on input line 341.
(pdftex.def)             Requested size: 34.14322pt x 34.14168pt.

[29

]
File: Logos/IPAG-logo.png Graphic file (type png)
 <use Logos/IPAG-logo.png>
Package pdftex.def Info: Logos/IPAG-logo.png used on input line 361.
(pdftex.def)             Requested size: 56.9055pt x 40.23265pt.
File: Logos/UNED-logo.jpg Graphic file (type jpg)
 <use Logos/UNED-logo.jpg>
Package pdftex.def Info: Logos/UNED-logo.jpg used on input line 361.
(pdftex.def)             Requested size: 34.14322pt x 34.14168pt.
 [30

]
<../background/Figures/BT-Settl-2011bc-120Myr_Teff_vs_phot.pdf, id=588, page=1,
 452.60153pt x 315.86394pt>
File: ../background/Figures/BT-Settl-2011bc-120Myr_Teff_vs_phot.pdf Graphic fil
e (type pdf)

<use ../background/Figures/BT-Settl-2011bc-120Myr_Teff_vs_phot.pdf, page 1>
Package pdftex.def Info: ../background/Figures/BT-Settl-2011bc-120Myr_Teff_vs_p
hot.pdf, page1 used on input line 361.
(pdftex.def)             Requested size: 235.01881pt x 164.01402pt.
File: Logos/IPAG-logo.png Graphic file (type png)

<use Logos/IPAG-logo.png>
Package pdftex.def Info: Logos/IPAG-logo.png used on input line 361.
(pdftex.def)             Requested size: 56.9055pt x 40.23265pt.
File: Logos/UNED-logo.jpg Graphic file (type jpg)
 <use Logos/UNED-logo.jpg>
Package pdftex.def Info: Logos/UNED-logo.jpg used on input line 361.
(pdftex.def)             Requested size: 34.14322pt x 34.14168pt.
 [31

 <../background/Figures/BT-Settl-2011bc-120Myr_Teff_vs_phot.pdf>]
<../background/Figures/BT-Settl-2011bc-120Myr_Teff_vs_phot.pdf, id=671, page=3,
 423.03795pt x 315.53458pt>
File: ../background/Figures/BT-Settl-2011bc-120Myr_Teff_vs_phot.pdf Graphic fil
e (type pdf)

<use ../background/Figures/BT-Settl-2011bc-120Myr_Teff_vs_phot.pdf, page 3>
Package pdftex.def Info: ../background/Figures/BT-Settl-2011bc-120Myr_Teff_vs_p
hot.pdf, page3 used on input line 361.
(pdftex.def)             Requested size: 235.01881pt x 175.29709pt.
File: Logos/IPAG-logo.png Graphic file (type png)

<use Logos/IPAG-logo.png>
Package pdftex.def Info: Logos/IPAG-logo.png used on input line 361.
(pdftex.def)             Requested size: 56.9055pt x 40.23265pt.
File: Logos/UNED-logo.jpg Graphic file (type jpg)
 <use Logos/UNED-logo.jpg>
Package pdftex.def Info: Logos/UNED-logo.jpg used on input line 361.
(pdftex.def)             Requested size: 34.14322pt x 34.14168pt.
 [32

 <../background/Figures/BT-Settl-2011bc-120Myr_Teff_vs_phot.pdf>]
<../background/Figures/Photometry_fit.pdf, id=753, page=7, 505.89pt x 505.89pt>
File: ../background/Figures/Photometry_fit.pdf Graphic file (type pdf)
<use ../background/Figures/Photometry_fit.pdf, page 7>
Package pdftex.def Info: ../background/Figures/Photometry_fit.pdf, page7 used o
n input line 361.
(pdftex.def)             Requested size: 201.44762pt x 201.44925pt.
File: Logos/IPAG-logo.png Graphic file (type png)

<use Logos/IPAG-logo.png>
Package pdftex.def Info: Logos/IPAG-logo.png used on input line 361.
(pdftex.def)             Requested size: 56.9055pt x 40.23265pt.
File: Logos/UNED-logo.jpg Graphic file (type jpg)
 <use Logos/UNED-logo.jpg>
Package pdftex.def Info: Logos/UNED-logo.jpg used on input line 361.
(pdftex.def)             Requested size: 34.14322pt x 34.14168pt.
 [33

 <../background/Figures/Photometry_fit.pdf>]
<../background/Figures/Photometry_fit.pdf, id=769, page=8, 505.89pt x 505.89pt>
File: ../background/Figures/Photometry_fit.pdf Graphic file (type pdf)
<use ../background/Figures/Photometry_fit.pdf, page 8>
Package pdftex.def Info: ../background/Figures/Photometry_fit.pdf, page8 used o
n input line 361.
(pdftex.def)             Requested size: 201.44762pt x 201.44925pt.
File: Logos/IPAG-logo.png Graphic file (type png)

<use Logos/IPAG-logo.png>
Package pdftex.def Info: Logos/IPAG-logo.png used on input line 361.
(pdftex.def)             Requested size: 56.9055pt x 40.23265pt.
File: Logos/UNED-logo.jpg Graphic file (type jpg)
 <use Logos/UNED-logo.jpg>
Package pdftex.def Info: Logos/UNED-logo.jpg used on input line 361.
(pdftex.def)             Requested size: 34.14322pt x 34.14168pt.
 [34

 <../background/Figures/Photometry_fit.pdf>]
<../background/Figures/F2_Hillenbrand2008.pdf, id=784, 344.52515pt x 346.683pt>
File: ../background/Figures/F2_Hillenbrand2008.pdf Graphic file (type pdf)
<use ../background/Figures/F2_Hillenbrand2008.pdf>
Package pdftex.def Info: ../background/Figures/F2_Hillenbrand2008.pdf used on i
nput line 361.
(pdftex.def)             Requested size: 201.44762pt x 202.71086pt.
File: Logos/IPAG-logo.png Graphic file (type png)
 <use Logos/IPAG-logo.png>
Package pdftex.def Info: Logos/IPAG-logo.png used on input line 361.
(pdftex.def)             Requested size: 56.9055pt x 40.23265pt.
File: Logos/UNED-logo.jpg Graphic file (type jpg)

<use Logos/UNED-logo.jpg>
Package pdftex.def Info: Logos/UNED-logo.jpg used on input line 361.
(pdftex.def)             Requested size: 34.14322pt x 34.14168pt.
 [35

 <../background/Figures/F2_Hillenbrand2008.pdf>]
File: Logos/IPAG-logo.png Graphic file (type png)

<use Logos/IPAG-logo.png>
Package pdftex.def Info: Logos/IPAG-logo.png used on input line 381.
(pdftex.def)             Requested size: 56.9055pt x 40.23265pt.
File: Logos/UNED-logo.jpg Graphic file (type jpg)
 <use Logos/UNED-logo.jpg>
Package pdftex.def Info: Logos/UNED-logo.jpg used on input line 381.
(pdftex.def)             Requested size: 34.14322pt x 34.14168pt.
 [36

]
<../background/Figures/FTPRvsSarro.pdf, id=816, page=1, 505.89pt x 505.89pt>
File: ../background/Figures/FTPRvsSarro.pdf Graphic file (type pdf)

<use ../background/Figures/FTPRvsSarro.pdf, page 1>
Package pdftex.def Info: ../background/Figures/FTPRvsSarro.pdf, page1 used on i
nput line 381.
(pdftex.def)             Requested size: 235.01881pt x 235.02026pt.

Overfull \vbox (42.93114pt too high) detected at line 381
 []

File: Logos/IPAG-logo.png Graphic file (type png)
<use Logos/IPAG-logo.png>
Package pdftex.def Info: Logos/IPAG-logo.png used on input line 381.
(pdftex.def)             Requested size: 56.9055pt x 40.23265pt.
File: Logos/UNED-logo.jpg Graphic file (type jpg)
 <use Logos/UNED-logo.jpg>
Package pdftex.def Info: Logos/UNED-logo.jpg used on input line 381.
(pdftex.def)             Requested size: 34.14322pt x 34.14168pt.
 [37

 <../background/Figures/FTPRvsSarro.pdf>]
<../background/Figures/PrecisionAccuracy.pdf, id=830, page=1, 505.89pt x 505.89
pt>
File: ../background/Figures/PrecisionAccuracy.pdf Graphic file (type pdf)
 <use ../background/Figures/PrecisionAccuracy.pdf, page 1>
Package pdftex.def Info: ../background/Figures/PrecisionAccuracy.pdf, page1 use
d on input line 381.
(pdftex.def)             Requested size: 167.8713pt x 167.87051pt.
File: Logos/IPAG-logo.png Graphic file (type png)

<use Logos/IPAG-logo.png>
Package pdftex.def Info: Logos/IPAG-logo.png used on input line 381.
(pdftex.def)             Requested size: 56.9055pt x 40.23265pt.
File: Logos/UNED-logo.jpg Graphic file (type jpg)
 <use Logos/UNED-logo.jpg>
Package pdftex.def Info: Logos/UNED-logo.jpg used on input line 381.
(pdftex.def)             Requested size: 34.14322pt x 34.14168pt.
 [38

 <../background/Figures/PrecisionAccuracy.pdf>]
<../background/Figures/ST1_ph-eps-converted-to.pdf, id=843, page=1, 361.35pt x 
361.35pt>
File: ../background/Figures/ST1_ph-eps-converted-to.pdf Graphic file (type pdf)

 <use ../background/Figures/ST1_ph-eps-converted-to.pdf, page 1>
Package pdftex.def Info: ../background/Figures/ST1_ph-eps-converted-to.pdf, pag
e1 used on input line 392.
(pdftex.def)             Requested size: 201.44762pt x 201.45036pt.
File: Logos/IPAG-logo.png Graphic file (type png)

<use Logos/IPAG-logo.png>
Package pdftex.def Info: Logos/IPAG-logo.png used on input line 392.
(pdftex.def)             Requested size: 56.9055pt x 40.23265pt.
File: Logos/UNED-logo.jpg Graphic file (type jpg)
 <use Logos/UNED-logo.jpg>
Package pdftex.def Info: Logos/UNED-logo.jpg used on input line 392.
(pdftex.def)             Requested size: 34.14322pt x 34.14168pt.
 [39

 <../background/Figures/ST1_ph-eps-converted-to.pdf>]
<../background/Figures/ST1_pm-eps-converted-to.pdf, id=861, page=1, 361.35pt x 
361.35pt>
File: ../background/Figures/ST1_pm-eps-converted-to.pdf Graphic file (type pdf)

 <use ../background/Figures/ST1_pm-eps-converted-to.pdf, page 1>
Package pdftex.def Info: ../background/Figures/ST1_pm-eps-converted-to.pdf, pag
e1 used on input line 392.
(pdftex.def)             Requested size: 201.44762pt x 201.45036pt.
File: Logos/IPAG-logo.png Graphic file (type png)

<use Logos/IPAG-logo.png>
Package pdftex.def Info: Logos/IPAG-logo.png used on input line 392.
(pdftex.def)             Requested size: 56.9055pt x 40.23265pt.
File: Logos/UNED-logo.jpg Graphic file (type jpg)
 <use Logos/UNED-logo.jpg>
Package pdftex.def Info: Logos/UNED-logo.jpg used on input line 392.
(pdftex.def)             Requested size: 34.14322pt x 34.14168pt.
 [40

 <../background/Figures/ST1_pm-eps-converted-to.pdf>]
<../background/Figures/BHM/BHMvsBouy.pdf, id=880, page=1, 505.89pt x 505.89pt>
File: ../background/Figures/BHM/BHMvsBouy.pdf Graphic file (type pdf)

<use ../background/Figures/BHM/BHMvsBouy.pdf, page 1>
Package pdftex.def Info: ../background/Figures/BHM/BHMvsBouy.pdf, page1 used on
 input line 392.
(pdftex.def)             Requested size: 201.44762pt x 201.44925pt.
File: Logos/IPAG-logo.png Graphic file (type png)

<use Logos/IPAG-logo.png>
Package pdftex.def Info: Logos/IPAG-logo.png used on input line 392.
(pdftex.def)             Requested size: 56.9055pt x 40.23265pt.
File: Logos/UNED-logo.jpg Graphic file (type jpg)
 <use Logos/UNED-logo.jpg>
Package pdftex.def Info: Logos/UNED-logo.jpg used on input line 392.
(pdftex.def)             Requested size: 34.14322pt x 34.14168pt.
 [41

 <../background/Figures/BHM/BHMvsBouy.pdf>]
<../background/Figures/RT1_ph-eps-converted-to.pdf, id=895, page=1, 505.89pt x 
505.89pt>
File: ../background/Figures/RT1_ph-eps-converted-to.pdf Graphic file (type pdf)

 <use ../background/Figures/RT1_ph-eps-converted-to.pdf, page 1>
Package pdftex.def Info: ../background/Figures/RT1_ph-eps-converted-to.pdf, pag
e1 used on input line 392.
(pdftex.def)             Requested size: 201.44762pt x 201.44925pt.
File: Logos/IPAG-logo.png Graphic file (type png)

<use Logos/IPAG-logo.png>
Package pdftex.def Info: Logos/IPAG-logo.png used on input line 392.
(pdftex.def)             Requested size: 56.9055pt x 40.23265pt.
File: Logos/UNED-logo.jpg Graphic file (type jpg)
 <use Logos/UNED-logo.jpg>
Package pdftex.def Info: Logos/UNED-logo.jpg used on input line 392.
(pdftex.def)             Requested size: 34.14322pt x 34.14168pt.
 [42

 <../background/Figures/RT1_ph-eps-converted-to.pdf>]
<../background/Figures/RT1_pm-eps-converted-to.pdf, id=913, page=1, 505.89pt x 
505.89pt>
File: ../background/Figures/RT1_pm-eps-converted-to.pdf Graphic file (type pdf)

 <use ../background/Figures/RT1_pm-eps-converted-to.pdf, page 1>
Package pdftex.def Info: ../background/Figures/RT1_pm-eps-converted-to.pdf, pag
e1 used on input line 392.
(pdftex.def)             Requested size: 201.44762pt x 201.44925pt.
File: Logos/IPAG-logo.png Graphic file (type png)

<use Logos/IPAG-logo.png>
Package pdftex.def Info: Logos/IPAG-logo.png used on input line 392.
(pdftex.def)             Requested size: 56.9055pt x 40.23265pt.
File: Logos/UNED-logo.jpg Graphic file (type jpg)
 <use Logos/UNED-logo.jpg>
Package pdftex.def Info: Logos/UNED-logo.jpg used on input line 392.
(pdftex.def)             Requested size: 34.14322pt x 34.14168pt.
 [43

 <../background/Figures/RT1_pm-eps-converted-to.pdf>]
<../background/Figures/BHM/Probability.pdf, id=933, page=1, 505.89pt x 505.89pt
>
File: ../background/Figures/BHM/Probability.pdf Graphic file (type pdf)
 <use ../background/Figures/BHM/Probability.pdf, page 1>
Package pdftex.def Info: ../background/Figures/BHM/Probability.pdf, page1 used 
on input line 406.
(pdftex.def)             Requested size: 235.01881pt x 235.02026pt.

Overfull \vbox (26.59364pt too high) detected at line 406
 []

File: Logos/IPAG-logo.png Graphic file (type png)
<use Logos/IPAG-logo.png>
Package pdftex.def Info: Logos/IPAG-logo.png used on input line 406.
(pdftex.def)             Requested size: 56.9055pt x 40.23265pt.
File: Logos/UNED-logo.jpg Graphic file (type jpg)
 <use Logos/UNED-logo.jpg>
Package pdftex.def Info: Logos/UNED-logo.jpg used on input line 406.
(pdftex.def)             Requested size: 34.14322pt x 34.14168pt.
 [44

 <../background/Figures/BHM/Probability.pdf>]
<../background/Figures/BHM/Probability.pdf, id=1054, page=5, 505.89pt x 505.89p
t>
File: ../background/Figures/BHM/Probability.pdf Graphic file (type pdf)
 <use ../background/Figures/BHM/Probability.pdf, page 5>
Package pdftex.def Info: ../background/Figures/BHM/Probability.pdf, page5 used 
on input line 406.
(pdftex.def)             Requested size: 201.44762pt x 201.44925pt.
File: Logos/IPAG-logo.png Graphic file (type png)

<use Logos/IPAG-logo.png>
Package pdftex.def Info: Logos/IPAG-logo.png used on input line 406.
(pdftex.def)             Requested size: 56.9055pt x 40.23265pt.
File: Logos/UNED-logo.jpg Graphic file (type jpg)
 <use Logos/UNED-logo.jpg>
Package pdftex.def Info: Logos/UNED-logo.jpg used on input line 406.
(pdftex.def)             Requested size: 34.14322pt x 34.14168pt.
 [45

 <../background/Figures/BHM/Probability.pdf>]
<../background/Figures/BHM/MembersModel.pdf, id=1175, page=1, 505.89pt x 505.89
pt>
File: ../background/Figures/BHM/MembersModel.pdf Graphic file (type pdf)
 <use ../background/Figures/BHM/MembersModel.pdf, page 1>
Package pdftex.def Info: ../background/Figures/BHM/MembersModel.pdf, page1 used
 on input line 406.
(pdftex.def)             Requested size: 201.44762pt x 201.44925pt.
File: Logos/IPAG-logo.png Graphic file (type png)

<use Logos/IPAG-logo.png>
Package pdftex.def Info: Logos/IPAG-logo.png used on input line 406.
(pdftex.def)             Requested size: 56.9055pt x 40.23265pt.
File: Logos/UNED-logo.jpg Graphic file (type jpg)
 <use Logos/UNED-logo.jpg>
Package pdftex.def Info: Logos/UNED-logo.jpg used on input line 406.
(pdftex.def)             Requested size: 34.14322pt x 34.14168pt.
 [46

 <../background/Figures/BHM/MembersModel.pdf>]
<../background/Figures/BHM/MembersModel.pdf, id=1194, page=2, 505.89pt x 505.89
pt>
File: ../background/Figures/BHM/MembersModel.pdf Graphic file (type pdf)
 <use ../background/Figures/BHM/MembersModel.pdf, page 2>
Package pdftex.def Info: ../background/Figures/BHM/MembersModel.pdf, page2 used
 on input line 406.
(pdftex.def)             Requested size: 201.44762pt x 201.44925pt.
File: Logos/IPAG-logo.png Graphic file (type png)

<use Logos/IPAG-logo.png>
Package pdftex.def Info: Logos/IPAG-logo.png used on input line 406.
(pdftex.def)             Requested size: 56.9055pt x 40.23265pt.
File: Logos/UNED-logo.jpg Graphic file (type jpg)
 <use Logos/UNED-logo.jpg>
Package pdftex.def Info: Logos/UNED-logo.jpg used on input line 406.
(pdftex.def)             Requested size: 34.14322pt x 34.14168pt.
 [47

 <../background/Figures/BHM/MembersModel.pdf>]
<../background/Figures/BHM/MembersModel.pdf, id=1213, page=10, 505.89pt x 505.8
9pt>
File: ../background/Figures/BHM/MembersModel.pdf Graphic file (type pdf)
 <use ../background/Figures/BHM/MembersModel.pdf, page 10>
Package pdftex.def Info: ../background/Figures/BHM/MembersModel.pdf, page10 use
d on input line 406.
(pdftex.def)             Requested size: 201.44762pt x 201.44925pt.
File: Logos/IPAG-logo.png Graphic file (type png)

<use Logos/IPAG-logo.png>
Package pdftex.def Info: Logos/IPAG-logo.png used on input line 406.
(pdftex.def)             Requested size: 56.9055pt x 40.23265pt.
File: Logos/UNED-logo.jpg Graphic file (type jpg)
 <use Logos/UNED-logo.jpg>
Package pdftex.def Info: Logos/UNED-logo.jpg used on input line 406.
(pdftex.def)             Requested size: 34.14322pt x 34.14168pt.
 [48

 <../background/Figures/BHM/MembersModel.pdf>]
<../background/Figures/BHM/absolute_JHK-log.pdf, id=1232, page=1, 375.4025pt x 
505.89pt>
File: ../background/Figures/BHM/absolute_JHK-log.pdf Graphic file (type pdf)
 <use ../background/Figures/BHM/absolute_JHK-log.pdf, page 1>
Package pdftex.def Info: ../background/Figures/BHM/absolute_JHK-log.pdf, page1 
used on input line 406.
(pdftex.def)             Requested size: 167.8713pt x 226.22804pt.

Overfull \vbox (17.80142pt too high) detected at line 406
 []

File: Logos/IPAG-logo.png Graphic file (type png)
<use Logos/IPAG-logo.png>
Package pdftex.def Info: Logos/IPAG-logo.png used on input line 406.
(pdftex.def)             Requested size: 56.9055pt x 40.23265pt.
File: Logos/UNED-logo.jpg Graphic file (type jpg)
 <use Logos/UNED-logo.jpg>
Package pdftex.def Info: Logos/UNED-logo.jpg used on input line 406.
(pdftex.def)             Requested size: 34.14322pt x 34.14168pt.
 [49

 <../background/Figures/BHM/absolute_JHK-log.pdf>]
<../background/Figures/BHM/MassDistribution.pdf, id=1250, page=1, 578.16pt x 43
3.62pt>
File: ../background/Figures/BHM/MassDistribution.pdf Graphic file (type pdf)
 <use ../background/Figures/BHM/MassDistribution.pdf, page 1>
Package pdftex.def Info: ../background/Figures/BHM/MassDistribution.pdf, page1 
used on input line 406.
(pdftex.def)             Requested size: 201.44762pt x 151.08115pt.
File: Logos/IPAG-logo.png Graphic file (type png)

<use Logos/IPAG-logo.png>
Package pdftex.def Info: Logos/IPAG-logo.png used on input line 406.
(pdftex.def)             Requested size: 56.9055pt x 40.23265pt.
File: Logos/UNED-logo.jpg Graphic file (type jpg)
 <use Logos/UNED-logo.jpg>
Package pdftex.def Info: Logos/UNED-logo.jpg used on input line 406.
(pdftex.def)             Requested size: 34.14322pt x 34.14168pt.
 [50

 <../background/Figures/BHM/MassDistribution.pdf>]
<../background/Figures/BHM/ModelsMassDistribution.pdf, id=1287, page=1, 578.16p
t x 433.62pt>
File: ../background/Figures/BHM/ModelsMassDistribution.pdf Graphic file (type p
df)

<use ../background/Figures/BHM/ModelsMassDistribution.pdf, page 1>
Package pdftex.def Info: ../background/Figures/BHM/ModelsMassDistribution.pdf, 
page1 used on input line 406.
(pdftex.def)             Requested size: 201.44762pt x 151.08115pt.
File: Logos/IPAG-logo.png Graphic file (type png)

<use Logos/IPAG-logo.png>
Package pdftex.def Info: Logos/IPAG-logo.png used on input line 406.
(pdftex.def)             Requested size: 56.9055pt x 40.23265pt.
File: Logos/UNED-logo.jpg Graphic file (type jpg)
 <use Logos/UNED-logo.jpg>
Package pdftex.def Info: Logos/UNED-logo.jpg used on input line 406.
(pdftex.def)             Requested size: 34.14322pt x 34.14168pt.
 [51

 <../background/Figures/BHM/ModelsMassDistribution.pdf>]
File: Logos/IPAG-logo.png Graphic file (type png)
 <use Logos/IPAG-logo.png>
Package pdftex.def Info: Logos/IPAG-logo.png used on input line 415.
(pdftex.def)             Requested size: 56.9055pt x 40.23265pt.
File: Logos/UNED-logo.jpg Graphic file (type jpg)

<use Logos/UNED-logo.jpg>
Package pdftex.def Info: Logos/UNED-logo.jpg used on input line 415.
(pdftex.def)             Requested size: 34.14322pt x 34.14168pt.
 [52

]
\tf@nav=\write6
\openout6 = `Slides.nav'.

\tf@toc=\write7
\openout7 = `Slides.toc'.

\tf@snm=\write8
\openout8 = `Slides.snm'.

Package atveryend Info: Empty hook `BeforeClearDocument' on input line 417.
Package atveryend Info: Empty hook `AfterLastShipout' on input line 417.
 (./Slides.aux)
Package atveryend Info: Executing hook `AtVeryEndDocument' on input line 417.
Package atveryend Info: Executing hook `AtEndAfterFileList' on input line 417.
Package rerunfilecheck Info: File `Slides.out' has not changed.
(rerunfilecheck)             Checksum: D41D8CD98F00B204E9800998ECF8427E;0.


LaTeX Font Warning: Size substitutions with differences
(Font)              up to 1.0pt have occurred.

Package atveryend Info: Empty hook `AtVeryVeryEnd' on input line 417.
 ) 
Here is how much of TeX's memory you used:
 20391 strings out of 493109
 405914 string characters out of 6135003
 462493 words of memory out of 5000000
 23195 multiletter control sequences out of 15000+600000
 29228 words of font info for 76 fonts, out of 8000000 for 9000
 1141 hyphenation exceptions out of 8191
 56i,20n,59p,415b,687s stack positions out of 5000i,500n,10000p,200000b,80000s
pdfTeX warning (dest): name{Navigation55} has been referenced but does not ex
ist, replaced by a fixed one

{/usr/local/texlive/2014/texmf-dist/fonts/enc/dvips/cm-super/cm-super-t1.enc}</
usr/local/texlive/2014/texmf-dist/fonts/type1/public/amsfonts/cm/cmex10.pfb></u
sr/local/texlive/2014/texmf-dist/fonts/type1/public/amsfonts/cm/cmmi10.pfb></us
r/local/texlive/2014/texmf-dist/fonts/type1/public/amsfonts/cm/cmmi6.pfb></usr/
local/texlive/2014/texmf-dist/fonts/type1/public/amsfonts/cm/cmmi8.pfb></usr/lo
cal/texlive/2014/texmf-dist/fonts/type1/public/amsfonts/cm/cmmib10.pfb></usr/lo
cal/texlive/2014/texmf-dist/fonts/type1/public/amsfonts/cm/cmr10.pfb></usr/loca
l/texlive/2014/texmf-dist/fonts/type1/public/amsfonts/cm/cmr6.pfb></usr/local/t
exlive/2014/texmf-dist/fonts/type1/public/amsfonts/cm/cmr8.pfb></usr/local/texl
ive/2014/texmf-dist/fonts/type1/public/amsfonts/cm/cmsl10.pfb></usr/local/texli
ve/2014/texmf-dist/fonts/type1/public/amsfonts/cm/cmss10.pfb></usr/local/texliv
e/2014/texmf-dist/fonts/type1/public/amsfonts/cm/cmss8.pfb></usr/local/texlive/
2014/texmf-dist/fonts/type1/public/amsfonts/cm/cmssbx10.pfb></usr/local/texlive
/2014/texmf-dist/fonts/type1/public/amsfonts/cm/cmssi10.pfb></usr/local/texlive
/2014/texmf-dist/fonts/type1/public/amsfonts/cm/cmssi8.pfb></usr/local/texlive/
2014/texmf-dist/fonts/type1/public/amsfonts/cm/cmsy10.pfb></usr/local/texlive/2
014/texmf-dist/fonts/type1/public/amsfonts/cm/cmsy6.pfb></usr/local/texlive/201
4/texmf-dist/fonts/type1/public/amsfonts/cm/cmsy8.pfb></usr/local/texlive/2014/
texmf-dist/fonts/type1/public/txfonts/rtxmi.pfb></usr/local/texlive/2014/texmf-
dist/fonts/type1/public/cm-super/sfss0800.pfb></usr/local/texlive/2014/texmf-di
st/fonts/type1/public/cm-super/sfss0900.pfb></usr/local/texlive/2014/texmf-dist
/fonts/type1/public/cm-super/sfss1000.pfb></usr/local/texlive/2014/texmf-dist/f
onts/type1/public/cm-super/sfss1095.pfb></usr/local/texlive/2014/texmf-dist/fon
ts/type1/public/cm-super/sfss1440.pfb></usr/local/texlive/2014/texmf-dist/fonts
/type1/public/cm-super/sfsx0600.pfb></usr/local/texlive/2014/texmf-dist/fonts/t
ype1/public/cm-super/sfsx0800.pfb></usr/local/texlive/2014/texmf-dist/fonts/typ
e1/public/cm-super/sfsx1095.pfb></usr/local/texlive/2014/texmf-dist/fonts/type1
/public/txfonts/txsy.pfb></usr/local/texlive/2014/texmf-dist/fonts/type1/urw/he
lvetic/uhvb8a.pfb></usr/local/texlive/2014/texmf-dist/fonts/type1/urw/helvetic/
uhvr8a.pfb></usr/local/texlive/2014/texmf-dist/fonts/type1/urw/symbol/usyr.pfb>
</usr/local/texlive/2014/texmf-dist/fonts/type1/urw/times/utmr8a.pfb></usr/loca
l/texlive/2014/texmf-dist/fonts/type1/urw/times/utmri8a.pfb>
Output written on Slides.pdf (52 pages, 11659153 bytes).
PDF statistics:
 1420 PDF objects out of 1440 (max. 8388607)
 985 compressed objects within 10 object streams
 106 named destinations out of 1000 (max. 500000)
 243 words of extra memory for PDF output out of 10000 (max. 10000000)

