\BOOKMARK [1][-]{Doc-Start}{Abstract}{}% 1
\BOOKMARK [1][-]{Doc-Start}{French abstract}{}% 2
\BOOKMARK [0][-]{chapter.1}{Introduction}{}% 3
\BOOKMARK [1][-]{section.1.1}{The initial mass function of stellar clusters}{chapter.1}% 4
\BOOKMARK [1][-]{section.1.2}{Numerical simulations of the early stages of star formation}{chapter.1}% 5
\BOOKMARK [1][-]{section.1.3}{The DANCe project}{chapter.1}% 6
\BOOKMARK [1][-]{section.1.4}{Methodologies for the classification of cluster members}{chapter.1}% 7
\BOOKMARK [1][-]{section.1.5}{A new intelligent system: the Bayesian Hierarchical Model}{chapter.1}% 8
\BOOKMARK [0][-]{chapter.2}{The Pleiades as a benchmark}{}% 9
\BOOKMARK [1][-]{section.2.1}{Generalities}{chapter.2}% 10
\BOOKMARK [1][-]{section.2.2}{The distance to the Pleiades}{chapter.2}% 11
\BOOKMARK [1][-]{section.2.3}{Projected spatial distribution}{chapter.2}% 12
\BOOKMARK [1][-]{section.2.4}{Velocity Distribution}{chapter.2}% 13
\BOOKMARK [1][-]{section.2.5}{Luminosity Distribution}{chapter.2}% 14
\BOOKMARK [1][-]{section.2.6}{Mass Distribution}{chapter.2}% 15
\BOOKMARK [1][-]{section.2.7}{The Pleiades DANCe DR2}{chapter.2}% 16
\BOOKMARK [0][-]{chapter.3}{Bayesian formalism}{}% 17
\BOOKMARK [1][-]{section.3.1}{Introduction to probability theory.}{chapter.3}% 18
\BOOKMARK [1][-]{section.3.2}{Bayesian Hierarchical Models}{chapter.3}% 19
\BOOKMARK [1][-]{section.3.3}{The BHM for the Pleiades DANCe data set}{chapter.3}% 20
\BOOKMARK [1][-]{section.3.4}{The methodology for the analysis of the PSD}{chapter.3}% 21
\BOOKMARK [1][-]{section.3.5}{Priors}{chapter.3}% 22
\BOOKMARK [1][-]{section.3.6}{Sampling the posterior distribution}{chapter.3}% 23
\BOOKMARK [1][-]{section.3.7}{Codes}{chapter.3}% 24
\BOOKMARK [0][-]{chapter.4}{Results}{}% 25
\BOOKMARK [1][-]{section.4.1}{Performance of the classifier}{chapter.4}% 26
\BOOKMARK [1][-]{section.4.2}{Comparison with the literature}{chapter.4}% 27
\BOOKMARK [1][-]{section.4.3}{The statistical distributions of the Pleiades cluster.}{chapter.4}% 28
\BOOKMARK [1][-]{section.4.4}{Updating the prior knowledge}{chapter.4}% 29
\BOOKMARK [1][-]{section.4.5}{Projected spatial distribution}{chapter.4}% 30
\BOOKMARK [1][-]{section.4.6}{Proper motions distribution}{chapter.4}% 31
\BOOKMARK [1][-]{section.4.7}{Luminosity distribution}{chapter.4}% 32
\BOOKMARK [1][-]{section.4.8}{Mass distribution}{chapter.4}% 33
\BOOKMARK [1][-]{section.4.9}{The mass distribution on time}{chapter.4}% 34
\BOOKMARK [0][-]{chapter.5}{Conclusions and future work}{}% 35
\BOOKMARK [1][-]{section.5.1}{Current issues and future improvements}{chapter.5}% 36
\BOOKMARK [0][-]{section.5.1}{Bibliography}{}% 37
\BOOKMARK [0][-]{section*.99}{Acronyms}{}% 38
