This is pdfTeX, Version 3.14159265-2.6-1.40.15 (TeX Live 2014) (preloaded format=pdflatex 2014.10.22)  9 JUL 2017 13:24
entering extended mode
 \write18 enabled.
 file:line:error style messages enabled.
 %&-line parsing enabled.
**Hierarchical_ClusterStars.tex
(./Hierarchical_ClusterStars.tex
LaTeX2e <2014/05/01>
Babel <3.9l> and hyphenation patterns for 79 languages loaded.
./Hierarchical_ClusterStars.tex:8: Undefined control sequence.
l.8 \tikzstyle
              {line} = [draw, -latex']
? 
./Hierarchical_ClusterStars.tex:8: Emergency stop.
l.8 \tikzstyle
              {line} = [draw, -latex']
End of file on the terminal!

 
Here is how much of TeX's memory you used:
 5 strings out of 493109
 199 string characters out of 6135003
 52965 words of memory out of 5000000
 3570 multiletter control sequences out of 15000+600000
 3640 words of font info for 14 fonts, out of 8000000 for 9000
 1141 hyphenation exceptions out of 8191
 5i,0n,1p,143b,8s stack positions out of 5000i,500n,10000p,200000b,80000s
./Hierarchical_ClusterStars.tex:8:  ==> Fatal error occurred, no output PDF fil
e produced!
